#
# A fatal error has been detected by the Java Runtime Environment:
#
#  EXCEPTION_ACCESS_VIOLATION (0xc0000005) at pc=0x000000005e480f17, pid=15792, tid=0x0000000000004590
#
# JRE version: Java(TM) SE Runtime Environment (8.0_202-b08) (build 1.8.0_202-b08)
# Java VM: Java HotSpot(TM) 64-Bit Server VM (25.202-b08 mixed mode windows-amd64 compressed oops)
# Problematic frame:
# V  [jvm.dll+0x230f17]
#
# Failed to write core dump. Minidumps are not enabled by default on client versions of Windows
#
# If you would like to submit a bug report, please visit:
#   http://bugreport.java.com/bugreport/crash.jsp
#

---------------  T H R E A D  ---------------

Current thread (0x000000001c85f000):  JavaThread "Daemon worker" [_thread_in_vm, id=17808, stack(0x000000001e3a0000,0x000000001e4a0000)]

siginfo: ExceptionCode=0xc0000005, reading address 0x0000000000000000

Registers:
RAX=0x0000000000000000, RBX=0x00000000226ed6a0, RCX=0x0000000024297760, RDX=0x0000000000000009
RSP=0x000000001e495a20, RBP=0x000000001e495b20, RSI=0x000000001c85f000, RDI=0x0000000000000000
R8 =0x0000000000000009, R9 =0x0000000000000008, R10=0x000000001c940c50, R11=0x000000001c940c50
R12=0x000000001b9fa1e0, R13=0x00000000031f51d0, R14=0x000000001c85f000, R15=0x00000000226ed6a0
RIP=0x000000005e480f17, EFLAGS=0x0000000000010202

Top of Stack: (sp=0x000000001e495a20)
0x000000001e495a20:   000000001c85f000 000000001e495b20
0x000000001e495a30:   000000001c85f000 0000000019e865b0
0x000000001e495a40:   000000001e495ae0 000000001c85f000
0x000000001e495a50:   000000001b010101 00000000000000b8
0x000000001e495a60:   00000000226ed6a0 000000001c85f000
0x000000001e495a70:   0000000006676d50 000000001e496810
0x000000001e495a80:   0000000019e865c0 0000000019e86998
0x000000001e495a90:   00000000000003d8 0000000019e865b0
0x000000001e495aa0:   000000001c85f000 0000000000000000
0x000000001e495ab0:   0000000000000000 0000000000000000
0x000000001e495ac0:   000000000667f7d0 000000001e496860
0x000000001e495ad0:   0000000019e865c0 0000000019e86998
0x000000001e495ae0:   000000010000b738 000000010000b738
0x000000001e495af0:   00000000226ed6a0 000000001c85f000
0x000000001e495b00:   00000000226ed6a0 000000001c85f000
0x000000001e495b10:   fffffffe00000000 0000000000000000 

Instructions: (pc=0x000000005e480f17)
0x000000005e480ef7:   02 7c e6 41 ff 0a 81 7c 24 38 e9 00 00 00 75 05
0x000000005e480f07:   48 8b df eb 29 80 3d 2e 5a 5e 00 00 48 8b 45 10
0x000000005e480f17:   48 8b 18 74 15 8b 5b 08 8b 0d 43 89 57 00 48 d3
0x000000005e480f27:   e3 48 03 1d 31 89 57 00 eb 04 48 8b 5b 08 48 8b 


Register to memory mapping:

RAX=0x0000000000000000 is an unknown value
RBX={method} {0x00000000226ed6a8} 'linkToSpecial' '(Ljava/lang/Object;Ljava/lang/Object;JLjava/lang/invoke/MemberName;)Ljava/lang/Object;' in 'java/lang/invoke/MethodHandle'
RCX=0x0000000024297760 is an unknown value
RDX=0x0000000000000009 is an unknown value
RSP=0x000000001e495a20 is pointing into the stack for thread: 0x000000001c85f000
RBP=0x000000001e495b20 is pointing into the stack for thread: 0x000000001c85f000
RSI=0x000000001c85f000 is a thread
RDI=0x0000000000000000 is an unknown value
R8 =0x0000000000000009 is an unknown value
R9 =0x0000000000000008 is an unknown value
R10=0x000000001c940c50 is an unknown value
R11=0x000000001c940c50 is an unknown value
R12=0x000000001b9fa1e0 is an unknown value
R13=0x00000000031f51d0 is at entry_point+-304 in (nmethod*)0x00000000031f51d0
R14=0x000000001c85f000 is a thread
R15={method} {0x00000000226ed6a8} 'linkToSpecial' '(Ljava/lang/Object;Ljava/lang/Object;JLjava/lang/invoke/MemberName;)Ljava/lang/Object;' in 'java/lang/invoke/MethodHandle'


Stack: [0x000000001e3a0000,0x000000001e4a0000],  sp=0x000000001e495a20,  free space=982k
Native frames: (J=compiled Java code, j=interpreted, Vv=VM code, C=native code)
V  [jvm.dll+0x230f17]
V  [jvm.dll+0x231896]
V  [jvm.dll+0x232438]
C  0x000000000303621e

Java frames: (J=compiled Java code, j=interpreted, Vv=VM code)
v  ~RuntimeStub::resolve_opt_virtual_call
J 15428 C2 org.jetbrains.kotlin.com.intellij.util.containers.ConcurrentLongObjectHashMap.tabAt([Lorg/jetbrains/kotlin/com/intellij/util/containers/ConcurrentLongObjectHashMap$Node;I)Lorg/jetbrains/kotlin/com/intellij/util/containers/ConcurrentLongObjectHashMap$Node; (33 bytes) @ 0x0000000006676ecc [0x0000000006676ea0+0x2c]
j  org.jetbrains.kotlin.com.intellij.util.containers.ConcurrentLongObjectHashMap.get(J)Ljava/lang/Object;+31
J 15105 C1 org.jetbrains.kotlin.com.intellij.openapi.progress.impl.CoreProgressManager.getProgressIndicator()Lorg/jetbrains/kotlin/com/intellij/openapi/progress/ProgressIndicator; (7 bytes) @ 0x00000000056d6ff4 [0x00000000056d6de0+0x214]
j  org.jetbrains.kotlin.com.intellij.openapi.progress.impl.CoreProgressManager.executeProcessUnderProgress(Ljava/lang/Runnable;Lorg/jetbrains/kotlin/com/intellij/openapi/progress/ProgressIndicator;)V+29
j  org.jetbrains.kotlin.com.intellij.openapi.progress.impl.CoreProgressManager.executeNonCancelableSection(Ljava/lang/Runnable;)V+38
J 15108 C1 org.jetbrains.kotlin.com.intellij.psi.impl.source.tree.LazyParseableElement.lambda$ensureParsed$0(Ljava/lang/CharSequence;)V (50 bytes) @ 0x0000000005a83cec [0x0000000005a83420+0x8cc]
J 15107 C1 org.jetbrains.kotlin.com.intellij.psi.impl.source.tree.LazyParseableElement$$Lambda$639.run()V (12 bytes) @ 0x0000000004d0024c [0x0000000004d001c0+0x8c]
J 15073 C2 org.jetbrains.kotlin.com.intellij.psi.impl.source.tree.LazyParseableElement.ensureParsed()V (164 bytes) @ 0x0000000004af190c [0x0000000004af1640+0x2cc]
J 9124 C1 org.jetbrains.kotlin.com.intellij.psi.impl.source.tree.LazyParseableElement.getFirstChildNode()Lorg/jetbrains/kotlin/com/intellij/psi/impl/source/tree/TreeElement; (9 bytes) @ 0x0000000004c791c4 [0x0000000004c79140+0x84]
J 14751 C1 org.jetbrains.kotlin.com.intellij.psi.impl.source.tree.LazyParseableElement.getFirstChildNode()Lorg/jetbrains/kotlin/com/intellij/lang/ASTNode; (5 bytes) @ 0x0000000003135944 [0x0000000003135840+0x104]
J 14781 C2 org.jetbrains.kotlin.com.intellij.extapi.psi.ASTDelegatePsiElement.getFirstChild()Lorg/jetbrains/kotlin/com/intellij/psi/PsiElement; (8 bytes) @ 0x00000000031d2b6c [0x00000000031d2ae0+0x8c]
J 14963 C2 org.jetbrains.kotlin.com.intellij.psi.impl.PsiElementBase.acceptChildren(Lorg/jetbrains/kotlin/com/intellij/psi/PsiElementVisitor;)V (35 bytes) @ 0x000000000576a5e8 [0x000000000576a5a0+0x48]
J 15223 C2 org.jetbrains.kotlin.psi.KtTreeVisitorVoid.visitElement(Lorg/jetbrains/kotlin/com/intellij/psi/PsiElement;)V (16 bytes) @ 0x00000000065bd56c [0x00000000065bd520+0x4c]
J 15328 C2 org.jetbrains.kotlin.psi.KtVisitorVoid.visitKtElement(Lorg/jetbrains/kotlin/psi/KtElement;)V (16 bytes) @ 0x0000000006655094 [0x0000000006655020+0x74]
J 15337 C2 org.jetbrains.kotlin.psi.KtVisitorVoid.visitKtElement(Lorg/jetbrains/kotlin/psi/KtElement;Ljava/lang/Object;)Ljava/lang/Object; (10 bytes) @ 0x0000000006659f34 [0x0000000006659ee0+0x54]
J 15408 C1 org.jetbrains.kotlin.psi.KtElementImpl.accept(Lorg/jetbrains/kotlin/psi/KtVisitor;Ljava/lang/Object;)Ljava/lang/Object; (15 bytes) @ 0x000000000667c4cc [0x000000000667c340+0x18c]
J 14843 C1 org.jetbrains.kotlin.psi.KtElementImpl.accept(Lorg/jetbrains/kotlin/com/intellij/psi/PsiElementVisitor;)V (34 bytes) @ 0x0000000004867c54 [0x00000000048678c0+0x394]
J 14963 C2 org.jetbrains.kotlin.com.intellij.psi.impl.PsiElementBase.acceptChildren(Lorg/jetbrains/kotlin/com/intellij/psi/PsiElementVisitor;)V (35 bytes) @ 0x000000000576a610 [0x000000000576a5a0+0x70]
J 15223 C2 org.jetbrains.kotlin.psi.KtTreeVisitorVoid.visitElement(Lorg/jetbrains/kotlin/com/intellij/psi/PsiElement;)V (16 bytes) @ 0x00000000065bd56c [0x00000000065bd520+0x4c]
j  org.jetbrains.kotlin.com.intellij.psi.impl.PsiElementBase.accept(Lorg/jetbrains/kotlin/com/intellij/psi/PsiElementVisitor;)V+11
j  org.jetbrains.kotlin.com.intellij.psi.impl.source.tree.LazyParseablePsiElement.acceptChildren(Lorg/jetbrains/kotlin/com/intellij/psi/PsiElementVisitor;)V+19
J 15223 C2 org.jetbrains.kotlin.psi.KtTreeVisitorVoid.visitElement(Lorg/jetbrains/kotlin/com/intellij/psi/PsiElement;)V (16 bytes) @ 0x00000000065bd56c [0x00000000065bd520+0x4c]
j  org.jetbrains.kotlin.com.intellij.psi.impl.source.tree.LazyParseablePsiElement.accept(Lorg/jetbrains/kotlin/com/intellij/psi/PsiElementVisitor;)V+11
J 14963 C2 org.jetbrains.kotlin.com.intellij.psi.impl.PsiElementBase.acceptChildren(Lorg/jetbrains/kotlin/com/intellij/psi/PsiElementVisitor;)V (35 bytes) @ 0x000000000576a610 [0x000000000576a5a0+0x70]
J 15223 C2 org.jetbrains.kotlin.psi.KtTreeVisitorVoid.visitElement(Lorg/jetbrains/kotlin/com/intellij/psi/PsiElement;)V (16 bytes) @ 0x00000000065bd56c [0x00000000065bd520+0x4c]
J 15328 C2 org.jetbrains.kotlin.psi.KtVisitorVoid.visitKtElement(Lorg/jetbrains/kotlin/psi/KtElement;)V (16 bytes) @ 0x0000000006655094 [0x0000000006655020+0x74]
J 15353 C2 org.jetbrains.kotlin.psi.KtVisitorVoid.visitExpression(Lorg/jetbrains/kotlin/psi/KtExpression;)V (17 bytes) @ 0x0000000006656ea0 [0x0000000006656e60+0x40]
J 15368 C1 org.jetbrains.kotlin.psi.KtVisitorVoid.visitDeclaration(Lorg/jetbrains/kotlin/psi/KtDeclaration;)V (16 bytes) @ 0x0000000006664684 [0x0000000006664280+0x404]
J 15341 C1 org.jetbrains.kotlin.psi.KtVisitorVoid.visitNamedDeclaration(Lorg/jetbrains/kotlin/psi/KtNamedDeclaration;Ljava/lang/Object;)Ljava/lang/Object; (10 bytes) @ 0x000000000665930c [0x0000000006658c20+0x6ec]
j  org.jetbrains.kotlin.psi.KtVisitor.visitProperty(Lorg/jetbrains/kotlin/psi/KtProperty;Ljava/lang/Object;)Ljava/lang/Object;+12
j  org.jetbrains.kotlin.psi.KtVisitorVoid.visitProperty(Lorg/jetbrains/kotlin/psi/KtProperty;)V+12
J 15404 C1 org.jetbrains.kotlin.psi.KtVisitorVoid.visitProperty(Lorg/jetbrains/kotlin/psi/KtProperty;Ljava/lang/Object;)Ljava/lang/Object; (10 bytes) @ 0x00000000066797b4 [0x00000000066794a0+0x314]
j  org.jetbrains.kotlin.psi.KtProperty.accept(Lorg/jetbrains/kotlin/psi/KtVisitor;Ljava/lang/Object;)Ljava/lang/Object;+11
J 15046 C2 org.jetbrains.kotlin.psi.KtElementImplStub.accept(Lorg/jetbrains/kotlin/com/intellij/psi/PsiElementVisitor;)V (34 bytes) @ 0x0000000005553668 [0x0000000005553600+0x68]
j  org.jetbrains.kotlin.com.intellij.psi.impl.source.tree.SharedImplUtil.acceptChildren(Lorg/jetbrains/kotlin/com/intellij/psi/PsiElementVisitor;Lorg/jetbrains/kotlin/com/intellij/lang/ASTNode;)V+53
j  org.jetbrains.kotlin.com.intellij.psi.impl.source.PsiFileImpl.acceptChildren(Lorg/jetbrains/kotlin/com/intellij/psi/PsiElementVisitor;)V+14
J 15223 C2 org.jetbrains.kotlin.psi.KtTreeVisitorVoid.visitElement(Lorg/jetbrains/kotlin/com/intellij/psi/PsiElement;)V (16 bytes) @ 0x00000000065bd56c [0x00000000065bd520+0x4c]
j  org.jetbrains.kotlin.com.intellij.psi.PsiElementVisitor.visitFile(Lorg/jetbrains/kotlin/com/intellij/psi/PsiFile;)V+10
j  org.jetbrains.kotlin.psi.KtVisitor.visitKtFile(Lorg/jetbrains/kotlin/psi/KtFile;Ljava/lang/Object;)Ljava/lang/Object;+11
j  org.jetbrains.kotlin.psi.KtVisitorVoid.visitKtFile(Lorg/jetbrains/kotlin/psi/KtFile;)V+12
j  org.jetbrains.kotlin.psi.KtVisitorVoid.visitKtFile(Lorg/jetbrains/kotlin/psi/KtFile;Ljava/lang/Void;)Ljava/lang/Void;+11
j  org.jetbrains.kotlin.psi.KtVisitorVoid.visitKtFile(Lorg/jetbrains/kotlin/psi/KtFile;Ljava/lang/Object;)Ljava/lang/Object;+6
j  org.jetbrains.kotlin.psi.KtFile.accept(Lorg/jetbrains/kotlin/psi/KtVisitor;Ljava/lang/Object;)Ljava/lang/Object;+10
j  org.jetbrains.kotlin.psi.KtFile.accept(Lorg/jetbrains/kotlin/com/intellij/psi/PsiElementVisitor;)V+20
j  org.jetbrains.kotlin.resolve.checkers.ClassifierUsageCheckerKt.checkClassifierUsages(Ljava/util/Collection;Ljava/lang/Iterable;Lorg/jetbrains/kotlin/resolve/checkers/ClassifierUsageCheckerContext;)V+64
j  org.jetbrains.kotlin.resolve.LazyTopDownAnalyzer.analyzeDeclarations(Lorg/jetbrains/kotlin/resolve/TopDownAnalysisMode;Ljava/util/Collection;Lorg/jetbrains/kotlin/resolve/calls/smartcasts/DataFlowInfo;Lorg/jetbrains/kotlin/types/expressions/ExpressionTypingContext;)Lorg/jetbrains/kotlin/resolve/TopDownAnalysisContext;+356
j  org.jetbrains.kotlin.resolve.LazyTopDownAnalyzer.analyzeDeclarations$default(Lorg/jetbrains/kotlin/resolve/LazyTopDownAnalyzer;Lorg/jetbrains/kotlin/resolve/TopDownAnalysisMode;Ljava/util/Collection;Lorg/jetbrains/kotlin/resolve/calls/smartcasts/DataFlowInfo;Lorg/jetbrains/kotlin/types/expressions/ExpressionTypingContext;ILjava/lang/Object;)Lorg/jetbrains/kotlin/resolve/TopDownAnalysisContext;+31
j  org.jetbrains.kotlin.cli.jvm.compiler.TopDownAnalyzerFacadeForJVM.analyzeFilesWithJavaIntegration(Lorg/jetbrains/kotlin/com/intellij/openapi/project/Project;Ljava/util/Collection;Lorg/jetbrains/kotlin/resolve/BindingTrace;Lorg/jetbrains/kotlin/config/CompilerConfiguration;Lkotlin/jvm/functions/Function1;Lkotlin/jvm/functions/Function2;Lorg/jetbrains/kotlin/com/intellij/psi/search/GlobalSearchScope;Ljava/util/List;Ljava/util/List;Ljava/util/List;Lorg/jetbrains/kotlin/resolve/TargetEnvironment;)Lorg/jetbrains/kotlin/analyzer/AnalysisResult;+281
j  org.jetbrains.kotlin.cli.jvm.compiler.TopDownAnalyzerFacadeForJVM.analyzeFilesWithJavaIntegration$default(Lorg/jetbrains/kotlin/com/intellij/openapi/project/Project;Ljava/util/Collection;Lorg/jetbrains/kotlin/resolve/BindingTrace;Lorg/jetbrains/kotlin/config/CompilerConfiguration;Lkotlin/jvm/functions/Function1;Lkotlin/jvm/functions/Function2;Lorg/jetbrains/kotlin/com/intellij/psi/search/GlobalSearchScope;Ljava/util/List;Ljava/util/List;Ljava/util/List;Lorg/jetbrains/kotlin/resolve/TargetEnvironment;ILjava/lang/Object;)Lorg/jetbrains/kotlin/analyzer/AnalysisResult;+111
j  org.jetbrains.kotlin.cli.jvm.compiler.KotlinToJVMBytecodeCompiler$analyze$1.invoke()Lorg/jetbrains/kotlin/analyzer/AnalysisResult;+274
j  org.jetbrains.kotlin.cli.jvm.compiler.KotlinToJVMBytecodeCompiler$analyze$1.invoke()Ljava/lang/Object;+1
j  org.jetbrains.kotlin.cli.common.messages.AnalyzerWithCompilerReport.analyzeAndReport(Ljava/util/Collection;Lkotlin/jvm/functions/Function0;)V+16
j  org.jetbrains.kotlin.cli.jvm.compiler.KotlinToJVMBytecodeCompiler.analyze(Lorg/jetbrains/kotlin/cli/jvm/compiler/KotlinCoreEnvironment;)Lorg/jetbrains/kotlin/analyzer/AnalysisResult;+153
j  org.jetbrains.kotlin.cli.jvm.compiler.KotlinToJVMBytecodeCompiler.analyzeAndGenerate(Lorg/jetbrains/kotlin/cli/jvm/compiler/KotlinCoreEnvironment;)Lorg/jetbrains/kotlin/codegen/state/GenerationState;+9
j  org.jetbrains.kotlin.cli.jvm.compiler.KotlinToJVMBytecodeCompiler.compileBunchOfSources(Lorg/jetbrains/kotlin/cli/jvm/compiler/KotlinCoreEnvironment;)Z+99
j  org.gradle.kotlin.dsl.support.KotlinCompilerKt.compileToDirectory(Ljava/io/File;Lorg/gradle/api/JavaVersion;Ljava/lang/String;Ljava/lang/Iterable;Lorg/slf4j/Logger;Ljava/lang/Iterable;)Z+919
j  org.gradle.kotlin.dsl.codegen.ApiExtensionsJarKt.compileKotlinApiExtensionsTo(Ljava/io/File;Ljava/util/Collection;Ljava/util/Collection;Lorg/slf4j/Logger;)V+42
j  org.gradle.kotlin.dsl.codegen.ApiExtensionsJarKt.compileKotlinApiExtensionsTo$default(Ljava/io/File;Ljava/util/Collection;Ljava/util/Collection;Lorg/slf4j/Logger;ILjava/lang/Object;)V+27
j  org.gradle.kotlin.dsl.codegen.ApiExtensionsJarGenerator.compileExtensionsTo(Ljava/io/File;)V+17
j  org.gradle.kotlin.dsl.codegen.ApiExtensionsJarGenerator.generate(Ljava/io/File;)V+14
j  org.gradle.kotlin.dsl.codegen.ApiExtensionsJarKt.generateApiExtensionsJar(Lorg/gradle/api/internal/file/temp/TemporaryFileProvider;Ljava/io/File;Ljava/util/Collection;Ljava/io/File;Lkotlin/jvm/functions/Function0;)V+44
j  org.gradle.kotlin.dsl.provider.KotlinScriptClassPathProvider$gradleKotlinDslExtensions$1.invoke(Ljava/io/File;Lkotlin/jvm/functions/Function0;)V+50
j  org.gradle.kotlin.dsl.provider.KotlinScriptClassPathProvider$gradleKotlinDslExtensions$1.invoke(Ljava/lang/Object;Ljava/lang/Object;)Ljava/lang/Object;+9
j  org.gradle.kotlin.dsl.provider.KotlinScriptClassPathProvider$produceFrom$1$1$1.invoke(Ljava/io/File;)V+22
j  org.gradle.kotlin.dsl.provider.KotlinScriptClassPathProvider$produceFrom$1$1$1.invoke(Ljava/lang/Object;)Ljava/lang/Object;+5
j  org.gradle.kotlin.dsl.provider.KotlinScriptClassPathProvider.generateAtomically(Ljava/io/File;Lkotlin/jvm/functions/Function1;)V+8
j  org.gradle.kotlin.dsl.provider.KotlinScriptClassPathProvider.access$generateAtomically(Lorg/gradle/kotlin/dsl/provider/KotlinScriptClassPathProvider;Ljava/io/File;Lkotlin/jvm/functions/Function1;)V+3
j  org.gradle.kotlin.dsl.provider.KotlinScriptClassPathProvider$produceFrom$1.invoke(Ljava/io/File;)V+59
j  org.gradle.kotlin.dsl.provider.KotlinScriptClassPathProvider$produceFrom$1.invoke(Ljava/lang/Object;)Ljava/lang/Object;+5
j  org.gradle.kotlin.dsl.provider.BuildServicesKt$sam$org_gradle_api_Action$0.execute(Ljava/lang/Object;)V+5
j  org.gradle.cache.internal.DefaultGeneratedGradleJarCache$1.run()V+18
j  org.gradle.internal.Factories$1.create()Ljava/lang/Object;+4
j  org.gradle.cache.internal.DefaultCacheAccess.useCache(Lorg/gradle/internal/Factory;)Ljava/lang/Object;+58
j  org.gradle.cache.internal.DefaultCacheAccess.useCache(Ljava/lang/Runnable;)V+5
j  org.gradle.cache.internal.DefaultPersistentDirectoryStore.useCache(Ljava/lang/Runnable;)V+5
j  org.gradle.cache.internal.DefaultCacheFactory$ReferenceTrackingCache.useCache(Ljava/lang/Runnable;)V+8
j  org.gradle.cache.internal.DefaultGeneratedGradleJarCache.get(Ljava/lang/String;Lorg/gradle/api/Action;)Ljava/io/File;+20
j  org.gradle.kotlin.dsl.provider.BuildServices$versionedJarCacheFor$1.invoke(Ljava/lang/String;Lkotlin/jvm/functions/Function1;)Ljava/io/File;+28
j  org.gradle.kotlin.dsl.provider.BuildServices$versionedJarCacheFor$1.invoke(Ljava/lang/Object;Ljava/lang/Object;)Ljava/lang/Object;+9
j  org.gradle.kotlin.dsl.provider.KotlinScriptClassPathProvider.produceFrom(Ljava/lang/String;Lkotlin/jvm/functions/Function2;)Ljava/io/File;+14
j  org.gradle.kotlin.dsl.provider.KotlinScriptClassPathProvider.gradleKotlinDslExtensions()Ljava/io/File;+15
j  org.gradle.kotlin.dsl.provider.KotlinScriptClassPathProvider.access$gradleKotlinDslExtensions(Lorg/gradle/kotlin/dsl/provider/KotlinScriptClassPathProvider;)Ljava/io/File;+1
j  org.gradle.kotlin.dsl.provider.KotlinScriptClassPathProvider$gradleApiExtensions$2.invoke()Lorg/gradle/internal/classpath/ClassPath;+11
j  org.gradle.kotlin.dsl.provider.KotlinScriptClassPathProvider$gradleApiExtensions$2.invoke()Ljava/lang/Object;+1
j  kotlin.SynchronizedLazyImpl.getValue()Ljava/lang/Object;+54
j  org.gradle.kotlin.dsl.provider.KotlinScriptClassPathProvider.getGradleApiExtensions()Lorg/gradle/internal/classpath/ClassPath;+6
j  org.gradle.kotlin.dsl.provider.KotlinScriptClassPathProvider.access$getGradleApiExtensions(Lorg/gradle/kotlin/dsl/provider/KotlinScriptClassPathProvider;)Lorg/gradle/internal/classpath/ClassPath;+1
j  org.gradle.kotlin.dsl.provider.KotlinScriptClassPathProvider$gradleKotlinDsl$2.invoke()Lorg/gradle/internal/classpath/ClassPath;+11
j  org.gradle.kotlin.dsl.provider.KotlinScriptClassPathProvider$gradleKotlinDsl$2.invoke()Ljava/lang/Object;+1
j  kotlin.SynchronizedLazyImpl.getValue()Ljava/lang/Object;+54
j  org.gradle.kotlin.dsl.provider.KotlinScriptClassPathProvider.getGradleKotlinDsl()Lorg/gradle/internal/classpath/ClassPath;+6
j  org.gradle.kotlin.dsl.provider.KotlinScriptClassPathProvider.computeCompilationClassPath(Lorg/gradle/api/internal/initialization/ClassLoaderScope;)Lorg/gradle/internal/classpath/ClassPath;+1
j  org.gradle.kotlin.dsl.provider.KotlinScriptClassPathProvider.access$computeCompilationClassPath(Lorg/gradle/kotlin/dsl/provider/KotlinScriptClassPathProvider;Lorg/gradle/api/internal/initialization/ClassLoaderScope;)Lorg/gradle/internal/classpath/ClassPath;+2
j  org.gradle.kotlin.dsl.provider.KotlinScriptClassPathProvider$compilationClassPathOf$1.apply(Lorg/gradle/api/internal/initialization/ClassLoaderScope;)Lorg/gradle/internal/classpath/ClassPath;+11
j  org.gradle.kotlin.dsl.provider.KotlinScriptClassPathProvider$compilationClassPathOf$1.apply(Ljava/lang/Object;)Ljava/lang/Object;+5
J 3634 C1 java.util.concurrent.ConcurrentHashMap.computeIfAbsent(Ljava/lang/Object;Ljava/util/function/Function;)Ljava/lang/Object; (493 bytes) @ 0x0000000003b7d134 [0x0000000003b7c920+0x814]
j  org.gradle.kotlin.dsl.provider.KotlinScriptClassPathProvider.compilationClassPathOf(Lorg/gradle/api/internal/initialization/ClassLoaderScope;)Lorg/gradle/internal/classpath/ClassPath;+22
j  org.gradle.kotlin.dsl.provider.StandardKotlinScriptEvaluator$InterpreterHost.compilationClassPathOf(Lorg/gradle/api/internal/initialization/ClassLoaderScope;)Lorg/gradle/internal/classpath/ClassPath;+15
j  org.gradle.kotlin.dsl.execution.Interpreter.emitSpecializedProgramFor(Lorg/gradle/kotlin/dsl/support/KotlinScriptHost;Lorg/gradle/groovy/scripts/ScriptSource;Lorg/gradle/internal/hash/HashCode;Ljava/lang/String;Lorg/gradle/api/internal/initialization/ClassLoaderScope;Lorg/gradle/api/internal/initialization/ClassLoaderScope;Lorg/gradle/kotlin/dsl/execution/ProgramKind;Lorg/gradle/kotlin/dsl/execution/ProgramTarget;)Lorg/gradle/kotlin/dsl/execution/CompiledScript;+64
j  org.gradle.kotlin.dsl.execution.Interpreter.eval(Ljava/lang/Object;Lorg/gradle/groovy/scripts/ScriptSource;Lorg/gradle/internal/hash/HashCode;Lorg/gradle/api/initialization/dsl/ScriptHandler;Lorg/gradle/api/internal/initialization/ClassLoaderScope;Lorg/gradle/api/internal/initialization/ClassLoaderScope;ZLjava/util/EnumSet;)V+181
j  org.gradle.kotlin.dsl.provider.StandardKotlinScriptEvaluator.evaluate(Ljava/lang/Object;Lorg/gradle/groovy/scripts/ScriptSource;Lorg/gradle/api/initialization/dsl/ScriptHandler;Lorg/gradle/api/internal/initialization/ClassLoaderScope;Lorg/gradle/api/internal/initialization/ClassLoaderScope;ZLjava/util/EnumSet;)V+163
j  org.gradle.kotlin.dsl.provider.KotlinScriptPluginFactory$create$1.invoke(Ljava/lang/Object;)V+41
j  org.gradle.kotlin.dsl.provider.KotlinScriptPluginFactory$create$1.invoke(Ljava/lang/Object;)Ljava/lang/Object;+2
j  org.gradle.kotlin.dsl.provider.KotlinScriptPlugin.apply(Ljava/lang/Object;)V+22
j  org.gradle.configuration.BuildOperationScriptPlugin$1.run(Lorg/gradle/internal/operations/BuildOperationContext;)V+11
j  org.gradle.internal.operations.DefaultBuildOperationRunner$1.execute(Lorg/gradle/internal/operations/RunnableBuildOperation;Lorg/gradle/internal/operations/BuildOperationContext;)V+2
j  org.gradle.internal.operations.DefaultBuildOperationRunner$1.execute(Lorg/gradle/internal/operations/BuildOperation;Lorg/gradle/internal/operations/BuildOperationContext;)V+6
j  org.gradle.internal.operations.DefaultBuildOperationRunner$2.execute(Lorg/gradle/internal/operations/BuildOperationDescriptor;Lorg/gradle/internal/operations/BuildOperationState;Lorg/gradle/internal/operations/BuildOperationState;Lorg/gradle/internal/operations/DefaultBuildOperationRunner$ReadableBuildOperationContext;Lorg/gradle/internal/operations/DefaultBuildOperationRunner$BuildOperationExecutionListener;)Lorg/gradle/internal/operations/BuildOperation;+22
j  org.gradle.internal.operations.DefaultBuildOperationRunner$2.execute(Lorg/gradle/internal/operations/BuildOperationDescriptor;Lorg/gradle/internal/operations/BuildOperationState;Lorg/gradle/internal/operations/BuildOperationState;Lorg/gradle/internal/operations/DefaultBuildOperationRunner$ReadableBuildOperationContext;Lorg/gradle/internal/operations/DefaultBuildOperationRunner$BuildOperationExecutionListener;)Ljava/lang/Object;+8
j  org.gradle.internal.operations.DefaultBuildOperationRunner.execute(Lorg/gradle/internal/operations/BuildOperationDescriptor$Builder;Lorg/gradle/internal/operations/BuildOperationState;Lorg/gradle/internal/operations/DefaultBuildOperationRunner$BuildOperationExecution;)Ljava/lang/Object;+141
j  org.gradle.internal.operations.DefaultBuildOperationRunner.execute(Lorg/gradle/internal/operations/BuildOperation;Lorg/gradle/internal/operations/BuildOperationWorker;Lorg/gradle/internal/operations/BuildOperationState;)V+18
j  org.gradle.internal.operations.DefaultBuildOperationRunner.run(Lorg/gradle/internal/operations/RunnableBuildOperation;)V+9
j  org.gradle.internal.operations.DefaultBuildOperationExecutor.run(Lorg/gradle/internal/operations/RunnableBuildOperation;)V+5
j  org.gradle.configuration.BuildOperationScriptPlugin.lambda$apply$0(Ljava/lang/Object;Lorg/gradle/configuration/internal/UserCodeApplicationId;)V+14
j  org.gradle.configuration.BuildOperationScriptPlugin$$Lambda$297.execute(Ljava/lang/Object;)V+12
j  org.gradle.configuration.internal.DefaultUserCodeApplicationContext.apply(Lorg/gradle/internal/DisplayName;Lorg/gradle/api/Action;)V+37
j  org.gradle.configuration.BuildOperationScriptPlugin.apply(Ljava/lang/Object;)V+61
j  org.gradle.initialization.ScriptEvaluatingSettingsProcessor.applySettingsScript(Lorg/gradle/groovy/scripts/TextResourceScriptSource;Lorg/gradle/api/internal/SettingsInternal;)V+32
j  org.gradle.initialization.ScriptEvaluatingSettingsProcessor.process(Lorg/gradle/api/internal/GradleInternal;Lorg/gradle/initialization/SettingsLocation;Lorg/gradle/api/internal/initialization/ClassLoaderScope;Lorg/gradle/StartParameter;)Lorg/gradle/initialization/SettingsState;+89
j  org.gradle.initialization.SettingsEvaluatedCallbackFiringSettingsProcessor.process(Lorg/gradle/api/internal/GradleInternal;Lorg/gradle/initialization/SettingsLocation;Lorg/gradle/api/internal/initialization/ClassLoaderScope;Lorg/gradle/StartParameter;)Lorg/gradle/initialization/SettingsState;+9
j  org.gradle.initialization.RootBuildCacheControllerSettingsProcessor.process(Lorg/gradle/api/internal/GradleInternal;Lorg/gradle/initialization/SettingsLocation;Lorg/gradle/api/internal/initialization/ClassLoaderScope;Lorg/gradle/StartParameter;)Lorg/gradle/initialization/SettingsState;+9
j  org.gradle.initialization.BuildOperationSettingsProcessor$2.call(Lorg/gradle/internal/operations/BuildOperationContext;)Lorg/gradle/initialization/SettingsState;+23
j  org.gradle.initialization.BuildOperationSettingsProcessor$2.call(Lorg/gradle/internal/operations/BuildOperationContext;)Ljava/lang/Object;+2
j  org.gradle.internal.operations.DefaultBuildOperationRunner$CallableBuildOperationWorker.execute(Lorg/gradle/internal/operations/CallableBuildOperation;Lorg/gradle/internal/operations/BuildOperationContext;)V+3
j  org.gradle.internal.operations.DefaultBuildOperationRunner$CallableBuildOperationWorker.execute(Lorg/gradle/internal/operations/BuildOperation;Lorg/gradle/internal/operations/BuildOperationContext;)V+6
j  org.gradle.internal.operations.DefaultBuildOperationRunner$2.execute(Lorg/gradle/internal/operations/BuildOperationDescriptor;Lorg/gradle/internal/operations/BuildOperationState;Lorg/gradle/internal/operations/BuildOperationState;Lorg/gradle/internal/operations/DefaultBuildOperationRunner$ReadableBuildOperationContext;Lorg/gradle/internal/operations/DefaultBuildOperationRunner$BuildOperationExecutionListener;)Lorg/gradle/internal/operations/BuildOperation;+22
j  org.gradle.internal.operations.DefaultBuildOperationRunner$2.execute(Lorg/gradle/internal/operations/BuildOperationDescriptor;Lorg/gradle/internal/operations/BuildOperationState;Lorg/gradle/internal/operations/BuildOperationState;Lorg/gradle/internal/operations/DefaultBuildOperationRunner$ReadableBuildOperationContext;Lorg/gradle/internal/operations/DefaultBuildOperationRunner$BuildOperationExecutionListener;)Ljava/lang/Object;+8
j  org.gradle.internal.operations.DefaultBuildOperationRunner.execute(Lorg/gradle/internal/operations/BuildOperationDescriptor$Builder;Lorg/gradle/internal/operations/BuildOperationState;Lorg/gradle/internal/operations/DefaultBuildOperationRunner$BuildOperationExecution;)Ljava/lang/Object;+141
j  org.gradle.internal.operations.DefaultBuildOperationRunner.execute(Lorg/gradle/internal/operations/BuildOperation;Lorg/gradle/internal/operations/BuildOperationWorker;Lorg/gradle/internal/operations/BuildOperationState;)V+18
j  org.gradle.internal.operations.DefaultBuildOperationRunner.call(Lorg/gradle/internal/operations/CallableBuildOperation;)Ljava/lang/Object;+16
j  org.gradle.internal.operations.DefaultBuildOperationExecutor.call(Lorg/gradle/internal/operations/CallableBuildOperation;)Ljava/lang/Object;+5
j  org.gradle.initialization.BuildOperationSettingsProcessor.process(Lorg/gradle/api/internal/GradleInternal;Lorg/gradle/initialization/SettingsLocation;Lorg/gradle/api/internal/initialization/ClassLoaderScope;Lorg/gradle/StartParameter;)Lorg/gradle/initialization/SettingsState;+17
j  org.gradle.initialization.DefaultSettingsLoader.findSettingsAndLoadIfAppropriate(Lorg/gradle/api/internal/GradleInternal;Lorg/gradle/StartParameter;Lorg/gradle/initialization/SettingsLocation;Lorg/gradle/api/internal/initialization/ClassLoaderScope;)Lorg/gradle/initialization/SettingsState;+9
j  org.gradle.initialization.DefaultSettingsLoader.findAndLoadSettings(Lorg/gradle/api/internal/GradleInternal;)Lorg/gradle/initialization/SettingsState;+33
j  org.gradle.initialization.SettingsAttachingSettingsLoader.findAndLoadSettings(Lorg/gradle/api/internal/GradleInternal;)Lorg/gradle/initialization/SettingsState;+5
j  org.gradle.internal.composite.ChildBuildRegisteringSettingsLoader.findAndLoadSettings(Lorg/gradle/api/internal/GradleInternal;)Lorg/gradle/initialization/SettingsState;+5
j  org.gradle.initialization.InitScriptHandlingSettingsLoader.findAndLoadSettings(Lorg/gradle/api/internal/GradleInternal;)Lorg/gradle/initialization/SettingsState;+13
j  org.gradle.initialization.GradlePropertiesHandlingSettingsLoader.findAndLoadSettings(Lorg/gradle/api/internal/GradleInternal;)Lorg/gradle/initialization/SettingsState;+39
j  org.gradle.initialization.DefaultSettingsPreparer.prepareSettings(Lorg/gradle/api/internal/GradleInternal;)V+33
j  org.gradle.initialization.BuildOperationFiringSettingsPreparer$LoadBuild.doLoadBuild()V+11
j  org.gradle.initialization.BuildOperationFiringSettingsPreparer$LoadBuild.run(Lorg/gradle/internal/operations/BuildOperationContext;)V+1
j  org.gradle.internal.operations.DefaultBuildOperationRunner$1.execute(Lorg/gradle/internal/operations/RunnableBuildOperation;Lorg/gradle/internal/operations/BuildOperationContext;)V+2
j  org.gradle.internal.operations.DefaultBuildOperationRunner$1.execute(Lorg/gradle/internal/operations/BuildOperation;Lorg/gradle/internal/operations/BuildOperationContext;)V+6
j  org.gradle.internal.operations.DefaultBuildOperationRunner$2.execute(Lorg/gradle/internal/operations/BuildOperationDescriptor;Lorg/gradle/internal/operations/BuildOperationState;Lorg/gradle/internal/operations/BuildOperationState;Lorg/gradle/internal/operations/DefaultBuildOperationRunner$ReadableBuildOperationContext;Lorg/gradle/internal/operations/DefaultBuildOperationRunner$BuildOperationExecutionListener;)Lorg/gradle/internal/operations/BuildOperation;+22
j  org.gradle.internal.operations.DefaultBuildOperationRunner$2.execute(Lorg/gradle/internal/operations/BuildOperationDescriptor;Lorg/gradle/internal/operations/BuildOperationState;Lorg/gradle/internal/operations/BuildOperationState;Lorg/gradle/internal/operations/DefaultBuildOperationRunner$ReadableBuildOperationContext;Lorg/gradle/internal/operations/DefaultBuildOperationRunner$BuildOperationExecutionListener;)Ljava/lang/Object;+8
j  org.gradle.internal.operations.DefaultBuildOperationRunner.execute(Lorg/gradle/internal/operations/BuildOperationDescriptor$Builder;Lorg/gradle/internal/operations/BuildOperationState;Lorg/gradle/internal/operations/DefaultBuildOperationRunner$BuildOperationExecution;)Ljava/lang/Object;+141
j  org.gradle.internal.operations.DefaultBuildOperationRunner.execute(Lorg/gradle/internal/operations/BuildOperation;Lorg/gradle/internal/operations/BuildOperationWorker;Lorg/gradle/internal/operations/BuildOperationState;)V+18
j  org.gradle.internal.operations.DefaultBuildOperationRunner.run(Lorg/gradle/internal/operations/RunnableBuildOperation;)V+9
j  org.gradle.internal.operations.DefaultBuildOperationExecutor.run(Lorg/gradle/internal/operations/RunnableBuildOperation;)V+5
j  org.gradle.initialization.BuildOperationFiringSettingsPreparer.prepareSettings(Lorg/gradle/api/internal/GradleInternal;)V+31
j  org.gradle.initialization.VintageBuildModelController.lambda$prepareSettings$1()V+8
j  org.gradle.initialization.VintageBuildModelController$$Lambda$179.run()V+4
j  org.gradle.internal.model.StateTransitionController.lambda$doTransition$13(Ljava/lang/Runnable;)Lorg/gradle/internal/build/ExecutionResult;+1
j  org.gradle.internal.model.StateTransitionController$$Lambda$178.get()Ljava/lang/Object;+4
j  org.gradle.internal.model.StateTransitionController.doTransition(Lorg/gradle/internal/model/StateTransitionController$State;Lorg/gradle/internal/model/StateTransitionController$State;Ljava/util/function/Supplier;)Lorg/gradle/internal/build/ExecutionResult;+24
j  org.gradle.internal.model.StateTransitionController.doTransition(Lorg/gradle/internal/model/StateTransitionController$State;Lorg/gradle/internal/model/StateTransitionController$State;Ljava/lang/Runnable;)V+9
j  org.gradle.internal.model.StateTransitionController.lambda$transitionIfNotPreviously$11(Lorg/gradle/internal/model/StateTransitionController$State;Lorg/gradle/internal/model/StateTransitionController$State;Ljava/lang/Runnable;)V+16
j  org.gradle.internal.model.StateTransitionController$$Lambda$180.run()V+16
j  org.gradle.internal.work.DefaultSynchronizer.withLock(Ljava/lang/Runnable;)V+6
j  org.gradle.internal.model.StateTransitionController.transitionIfNotPreviously(Lorg/gradle/internal/model/StateTransitionController$State;Lorg/gradle/internal/model/StateTransitionController$State;Ljava/lang/Runnable;)V+13
j  org.gradle.initialization.VintageBuildModelController.prepareSettings()V+16
j  org.gradle.initialization.VintageBuildModelController.getLoadedSettings()Lorg/gradle/api/internal/SettingsInternal;+1
j  org.gradle.internal.build.DefaultBuildLifecycleController$$Lambda$531.get()Ljava/lang/Object;+4
j  org.gradle.internal.model.StateTransitionController.lambda$notInState$4(Lorg/gradle/internal/model/StateTransitionController$State;Ljava/util/function/Supplier;)Ljava/lang/Object;+11
j  org.gradle.internal.model.StateTransitionController$$Lambda$532.create()Ljava/lang/Object;+12
j  org.gradle.internal.work.DefaultSynchronizer.withLock(Lorg/gradle/internal/Factory;)Ljava/lang/Object;+6
j  org.gradle.internal.model.StateTransitionController.notInState(Lorg/gradle/internal/model/StateTransitionController$State;Ljava/util/function/Supplier;)Ljava/lang/Object;+12
j  org.gradle.internal.build.DefaultBuildLifecycleController.loadSettings()V+21
j  org.gradle.internal.build.AbstractBuildState.ensureProjectsLoaded()V+4
j  org.gradle.internal.buildtree.BuildInclusionCoordinator.prepareForInclusion(Lorg/gradle/internal/build/IncludedBuildState;Z)V+14
j  org.gradle.internal.composite.DefaultBuildIncluder.includeBuild(Lorg/gradle/initialization/IncludedBuildSpec;)Lorg/gradle/internal/build/CompositeBuildParticipantBuildState;+67
j  org.gradle.internal.composite.ChildBuildRegisteringSettingsLoader.findAndLoadSettings(Lorg/gradle/api/internal/GradleInternal;)Lorg/gradle/initialization/SettingsState;+81
j  org.gradle.internal.composite.CompositeBuildSettingsLoader.findAndLoadSettings(Lorg/gradle/api/internal/GradleInternal;)Lorg/gradle/initialization/SettingsState;+5
j  org.gradle.initialization.InitScriptHandlingSettingsLoader.findAndLoadSettings(Lorg/gradle/api/internal/GradleInternal;)Lorg/gradle/initialization/SettingsState;+13
j  org.gradle.api.internal.initialization.CacheConfigurationsHandlingSettingsLoader.findAndLoadSettings(Lorg/gradle/api/internal/GradleInternal;)Lorg/gradle/initialization/SettingsState;+15
j  org.gradle.initialization.GradlePropertiesHandlingSettingsLoader.findAndLoadSettings(Lorg/gradle/api/internal/GradleInternal;)Lorg/gradle/initialization/SettingsState;+39
j  org.gradle.initialization.DefaultSettingsPreparer.prepareSettings(Lorg/gradle/api/internal/GradleInternal;)V+33
j  org.gradle.initialization.BuildOperationFiringSettingsPreparer$LoadBuild.doLoadBuild()V+11
j  org.gradle.initialization.BuildOperationFiringSettingsPreparer$LoadBuild.run(Lorg/gradle/internal/operations/BuildOperationContext;)V+1
j  org.gradle.internal.operations.DefaultBuildOperationRunner$1.execute(Lorg/gradle/internal/operations/RunnableBuildOperation;Lorg/gradle/internal/operations/BuildOperationContext;)V+2
j  org.gradle.internal.operations.DefaultBuildOperationRunner$1.execute(Lorg/gradle/internal/operations/BuildOperation;Lorg/gradle/internal/operations/BuildOperationContext;)V+6
j  org.gradle.internal.operations.DefaultBuildOperationRunner$2.execute(Lorg/gradle/internal/operations/BuildOperationDescriptor;Lorg/gradle/internal/operations/BuildOperationState;Lorg/gradle/internal/operations/BuildOperationState;Lorg/gradle/internal/operations/DefaultBuildOperationRunner$ReadableBuildOperationContext;Lorg/gradle/internal/operations/DefaultBuildOperationRunner$BuildOperationExecutionListener;)Lorg/gradle/internal/operations/BuildOperation;+22
j  org.gradle.internal.operations.DefaultBuildOperationRunner$2.execute(Lorg/gradle/internal/operations/BuildOperationDescriptor;Lorg/gradle/internal/operations/BuildOperationState;Lorg/gradle/internal/operations/BuildOperationState;Lorg/gradle/internal/operations/DefaultBuildOperationRunner$ReadableBuildOperationContext;Lorg/gradle/internal/operations/DefaultBuildOperationRunner$BuildOperationExecutionListener;)Ljava/lang/Object;+8
j  org.gradle.internal.operations.DefaultBuildOperationRunner.execute(Lorg/gradle/internal/operations/BuildOperationDescriptor$Builder;Lorg/gradle/internal/operations/BuildOperationState;Lorg/gradle/internal/operations/DefaultBuildOperationRunner$BuildOperationExecution;)Ljava/lang/Object;+141
j  org.gradle.internal.operations.DefaultBuildOperationRunner.execute(Lorg/gradle/internal/operations/BuildOperation;Lorg/gradle/internal/operations/BuildOperationWorker;Lorg/gradle/internal/operations/BuildOperationState;)V+18
j  org.gradle.internal.operations.DefaultBuildOperationRunner.run(Lorg/gradle/internal/operations/RunnableBuildOperation;)V+9
j  org.gradle.internal.operations.DefaultBuildOperationExecutor.run(Lorg/gradle/internal/operations/RunnableBuildOperation;)V+5
j  org.gradle.initialization.BuildOperationFiringSettingsPreparer.prepareSettings(Lorg/gradle/api/internal/GradleInternal;)V+31
j  org.gradle.initialization.VintageBuildModelController.lambda$prepareSettings$1()V+8
j  org.gradle.initialization.VintageBuildModelController$$Lambda$179.run()V+4
j  org.gradle.internal.model.StateTransitionController.lambda$doTransition$13(Ljava/lang/Runnable;)Lorg/gradle/internal/build/ExecutionResult;+1
j  org.gradle.internal.model.StateTransitionController$$Lambda$178.get()Ljava/lang/Object;+4
j  org.gradle.internal.model.StateTransitionController.doTransition(Lorg/gradle/internal/model/StateTransitionController$State;Lorg/gradle/internal/model/StateTransitionController$State;Ljava/util/function/Supplier;)Lorg/gradle/internal/build/ExecutionResult;+24
j  org.gradle.internal.model.StateTransitionController.doTransition(Lorg/gradle/internal/model/StateTransitionController$State;Lorg/gradle/internal/model/StateTransitionController$State;Ljava/lang/Runnable;)V+9
j  org.gradle.internal.model.StateTransitionController.lambda$transitionIfNotPreviously$11(Lorg/gradle/internal/model/StateTransitionController$State;Lorg/gradle/internal/model/StateTransitionController$State;Ljava/lang/Runnable;)V+16
j  org.gradle.internal.model.StateTransitionController$$Lambda$180.run()V+16
j  org.gradle.internal.work.DefaultSynchronizer.withLock(Ljava/lang/Runnable;)V+6
j  org.gradle.internal.model.StateTransitionController.transitionIfNotPreviously(Lorg/gradle/internal/model/StateTransitionController$State;Lorg/gradle/internal/model/StateTransitionController$State;Ljava/lang/Runnable;)V+13
j  org.gradle.initialization.VintageBuildModelController.prepareSettings()V+16
j  org.gradle.initialization.VintageBuildModelController.prepareToScheduleTasks()V+1
j  org.gradle.internal.build.DefaultBuildLifecycleController.lambda$prepareToScheduleTasks$3()V+9
j  org.gradle.internal.build.DefaultBuildLifecycleController$$Lambda$176.run()V+4
j  org.gradle.internal.model.StateTransitionController.lambda$doTransition$13(Ljava/lang/Runnable;)Lorg/gradle/internal/build/ExecutionResult;+1
j  org.gradle.internal.model.StateTransitionController$$Lambda$178.get()Ljava/lang/Object;+4
j  org.gradle.internal.model.StateTransitionController.doTransition(Lorg/gradle/internal/model/StateTransitionController$State;Lorg/gradle/internal/model/StateTransitionController$State;Ljava/util/function/Supplier;)Lorg/gradle/internal/build/ExecutionResult;+24
j  org.gradle.internal.model.StateTransitionController.doTransition(Lorg/gradle/internal/model/StateTransitionController$State;Lorg/gradle/internal/model/StateTransitionController$State;Ljava/lang/Runnable;)V+9
j  org.gradle.internal.model.StateTransitionController.lambda$maybeTransition$9(Lorg/gradle/internal/model/StateTransitionController$State;Lorg/gradle/internal/model/StateTransitionController$State;Ljava/lang/Runnable;)V+16
j  org.gradle.internal.model.StateTransitionController$$Lambda$177.run()V+16
j  org.gradle.internal.work.DefaultSynchronizer.withLock(Ljava/lang/Runnable;)V+6
j  org.gradle.internal.model.StateTransitionController.maybeTransition(Lorg/gradle/internal/model/StateTransitionController$State;Lorg/gradle/internal/model/StateTransitionController$State;Ljava/lang/Runnable;)V+13
j  org.gradle.internal.build.DefaultBuildLifecycleController.prepareToScheduleTasks()V+16
j  org.gradle.internal.buildtree.DefaultBuildTreeWorkPreparer.scheduleRequestedTasks(Lorg/gradle/internal/buildtree/BuildTreeWorkGraph;Lorg/gradle/execution/EntryTaskSelector;)Lorg/gradle/internal/buildtree/BuildTreeWorkGraph$FinalizedGraph;+4
j  org.gradle.configurationcache.VintageBuildTreeWorkController$scheduleAndRunRequestedTasks$1.apply(Lorg/gradle/internal/buildtree/BuildTreeWorkGraph;)Lorg/gradle/internal/build/ExecutionResult;+18
j  org.gradle.configurationcache.VintageBuildTreeWorkController$scheduleAndRunRequestedTasks$1.apply(Ljava/lang/Object;)Ljava/lang/Object;+5
j  org.gradle.composite.internal.DefaultIncludedBuildTaskGraph.withNewWorkGraph(Ljava/util/function/Function;)Ljava/lang/Object;+30
j  org.gradle.configurationcache.VintageBuildTreeWorkController.scheduleAndRunRequestedTasks(Lorg/gradle/execution/EntryTaskSelector;)Lorg/gradle/internal/build/ExecutionResult;+16
j  org.gradle.internal.buildtree.DefaultBuildTreeLifecycleController.lambda$scheduleAndRunTasks$1(Lorg/gradle/execution/EntryTaskSelector;)Lorg/gradle/internal/build/ExecutionResult;+5
j  org.gradle.internal.buildtree.DefaultBuildTreeLifecycleController$$Lambda$171.get()Ljava/lang/Object;+8
j  org.gradle.internal.buildtree.DefaultBuildTreeLifecycleController.lambda$runBuild$4(Ljava/util/function/Supplier;)Ljava/lang/Object;+1
j  org.gradle.internal.buildtree.DefaultBuildTreeLifecycleController$$Lambda$172.get()Ljava/lang/Object;+8
j  org.gradle.internal.model.StateTransitionController.lambda$transition$6(Ljava/util/function/Supplier;)Lorg/gradle/internal/build/ExecutionResult;+1
j  org.gradle.internal.model.StateTransitionController$$Lambda$174.get()Ljava/lang/Object;+4
j  org.gradle.internal.model.StateTransitionController.doTransition(Lorg/gradle/internal/model/StateTransitionController$State;Lorg/gradle/internal/model/StateTransitionController$State;Ljava/util/function/Supplier;)Lorg/gradle/internal/build/ExecutionResult;+24
j  org.gradle.internal.model.StateTransitionController.lambda$transition$7(Lorg/gradle/internal/model/StateTransitionController$State;Lorg/gradle/internal/model/StateTransitionController$State;Ljava/util/function/Supplier;)Ljava/lang/Object;+9
j  org.gradle.internal.model.StateTransitionController$$Lambda$173.create()Ljava/lang/Object;+16
j  org.gradle.internal.work.DefaultSynchronizer.withLock(Lorg/gradle/internal/Factory;)Ljava/lang/Object;+6
j  org.gradle.internal.model.StateTransitionController.transition(Lorg/gradle/internal/model/StateTransitionController$State;Lorg/gradle/internal/model/StateTransitionController$State;Ljava/util/function/Supplier;)Ljava/lang/Object;+13
j  org.gradle.internal.buildtree.DefaultBuildTreeLifecycleController.runBuild(Ljava/util/function/Supplier;)Ljava/lang/Object;+17
j  org.gradle.internal.buildtree.DefaultBuildTreeLifecycleController.scheduleAndRunTasks(Lorg/gradle/execution/EntryTaskSelector;)V+8
j  org.gradle.internal.buildtree.DefaultBuildTreeLifecycleController.scheduleAndRunTasks()V+2
j  org.gradle.tooling.internal.provider.ExecuteBuildActionRunner.run(Lorg/gradle/internal/invocation/BuildAction;Lorg/gradle/internal/buildtree/BuildTreeLifecycleController;)Lorg/gradle/internal/buildtree/BuildActionRunner$Result;+12
j  org.gradle.launcher.exec.ChainingBuildActionRunner.run(Lorg/gradle/internal/invocation/BuildAction;Lorg/gradle/internal/buildtree/BuildTreeLifecycleController;)Lorg/gradle/internal/buildtree/BuildActionRunner$Result;+34
j  org.gradle.internal.buildtree.ProblemReportingBuildActionRunner.run(Lorg/gradle/internal/invocation/BuildAction;Lorg/gradle/internal/buildtree/BuildTreeLifecycleController;)Lorg/gradle/internal/buildtree/BuildActionRunner$Result;+12
j  org.gradle.launcher.exec.BuildOutcomeReportingBuildActionRunner.run(Lorg/gradle/internal/invocation/BuildAction;Lorg/gradle/internal/buildtree/BuildTreeLifecycleController;)Lorg/gradle/internal/buildtree/BuildActionRunner$Result;+69
j  org.gradle.tooling.internal.provider.FileSystemWatchingBuildActionRunner.run(Lorg/gradle/internal/invocation/BuildAction;Lorg/gradle/internal/buildtree/BuildTreeLifecycleController;)Lorg/gradle/internal/buildtree/BuildActionRunner$Result;+335
j  org.gradle.launcher.exec.BuildCompletionNotifyingBuildActionRunner.run(Lorg/gradle/internal/invocation/BuildAction;Lorg/gradle/internal/buildtree/BuildTreeLifecycleController;)Lorg/gradle/internal/buildtree/BuildActionRunner$Result;+6
j  org.gradle.launcher.exec.RootBuildLifecycleBuildActionExecutor.lambda$execute$0(Lorg/gradle/internal/invocation/BuildAction;Lorg/gradle/internal/buildtree/BuildTreeLifecycleController;)Lorg/gradle/internal/buildtree/BuildActionRunner$Result;+6
j  org.gradle.launcher.exec.RootBuildLifecycleBuildActionExecutor$$Lambda$128.apply(Ljava/lang/Object;)Ljava/lang/Object;+12
j  org.gradle.composite.internal.DefaultRootBuildState.run(Ljava/util/function/Function;)Ljava/lang/Object;+87
j  org.gradle.launcher.exec.RootBuildLifecycleBuildActionExecutor.execute(Lorg/gradle/internal/invocation/BuildAction;Lorg/gradle/internal/buildtree/BuildTreeContext;)Lorg/gradle/internal/buildtree/BuildActionRunner$Result;+28
j  org.gradle.internal.buildtree.DefaultBuildTreeContext.execute(Lorg/gradle/internal/invocation/BuildAction;)Lorg/gradle/internal/buildtree/BuildActionRunner$Result;+64
j  org.gradle.launcher.exec.BuildTreeLifecycleBuildActionExecutor.lambda$execute$0(Lorg/gradle/internal/invocation/BuildAction;Lorg/gradle/internal/buildtree/BuildTreeContext;)Lorg/gradle/internal/buildtree/BuildActionRunner$Result;+2
j  org.gradle.launcher.exec.BuildTreeLifecycleBuildActionExecutor$$Lambda$80.apply(Ljava/lang/Object;)Ljava/lang/Object;+8
j  org.gradle.internal.buildtree.BuildTreeState.run(Ljava/util/function/Function;)Ljava/lang/Object;+5
j  org.gradle.launcher.exec.BuildTreeLifecycleBuildActionExecutor.execute(Lorg/gradle/internal/invocation/BuildAction;Lorg/gradle/internal/session/BuildSessionContext;)Lorg/gradle/internal/buildtree/BuildActionRunner$Result;+181
j  org.gradle.launcher.exec.RunAsBuildOperationBuildActionExecutor$3.call(Lorg/gradle/internal/operations/BuildOperationContext;)Lorg/gradle/internal/buildtree/BuildActionRunner$Result;+25
j  org.gradle.launcher.exec.RunAsBuildOperationBuildActionExecutor$3.call(Lorg/gradle/internal/operations/BuildOperationContext;)Ljava/lang/Object;+2
j  org.gradle.internal.operations.DefaultBuildOperationRunner$CallableBuildOperationWorker.execute(Lorg/gradle/internal/operations/CallableBuildOperation;Lorg/gradle/internal/operations/BuildOperationContext;)V+3
j  org.gradle.internal.operations.DefaultBuildOperationRunner$CallableBuildOperationWorker.execute(Lorg/gradle/internal/operations/BuildOperation;Lorg/gradle/internal/operations/BuildOperationContext;)V+6
j  org.gradle.internal.operations.DefaultBuildOperationRunner$2.execute(Lorg/gradle/internal/operations/BuildOperationDescriptor;Lorg/gradle/internal/operations/BuildOperationState;Lorg/gradle/internal/operations/BuildOperationState;Lorg/gradle/internal/operations/DefaultBuildOperationRunner$ReadableBuildOperationContext;Lorg/gradle/internal/operations/DefaultBuildOperationRunner$BuildOperationExecutionListener;)Lorg/gradle/internal/operations/BuildOperation;+22
j  org.gradle.internal.operations.DefaultBuildOperationRunner$2.execute(Lorg/gradle/internal/operations/BuildOperationDescriptor;Lorg/gradle/internal/operations/BuildOperationState;Lorg/gradle/internal/operations/BuildOperationState;Lorg/gradle/internal/operations/DefaultBuildOperationRunner$ReadableBuildOperationContext;Lorg/gradle/internal/operations/DefaultBuildOperationRunner$BuildOperationExecutionListener;)Ljava/lang/Object;+8
j  org.gradle.internal.operations.DefaultBuildOperationRunner.execute(Lorg/gradle/internal/operations/BuildOperationDescriptor$Builder;Lorg/gradle/internal/operations/BuildOperationState;Lorg/gradle/internal/operations/DefaultBuildOperationRunner$BuildOperationExecution;)Ljava/lang/Object;+141
j  org.gradle.internal.operations.DefaultBuildOperationRunner.execute(Lorg/gradle/internal/operations/BuildOperation;Lorg/gradle/internal/operations/BuildOperationWorker;Lorg/gradle/internal/operations/BuildOperationState;)V+18
j  org.gradle.internal.operations.DefaultBuildOperationRunner.call(Lorg/gradle/internal/operations/CallableBuildOperation;)Ljava/lang/Object;+16
j  org.gradle.internal.operations.DefaultBuildOperationExecutor.call(Lorg/gradle/internal/operations/CallableBuildOperation;)Ljava/lang/Object;+5
j  org.gradle.launcher.exec.RunAsBuildOperationBuildActionExecutor.execute(Lorg/gradle/internal/invocation/BuildAction;Lorg/gradle/internal/session/BuildSessionContext;)Lorg/gradle/internal/buildtree/BuildActionRunner$Result;+23
j  org.gradle.launcher.exec.RunAsWorkerThreadBuildActionExecutor.lambda$execute$0(Lorg/gradle/internal/invocation/BuildAction;Lorg/gradle/internal/session/BuildSessionContext;)Lorg/gradle/internal/buildtree/BuildActionRunner$Result;+6
j  org.gradle.launcher.exec.RunAsWorkerThreadBuildActionExecutor$$Lambda$79.create()Ljava/lang/Object;+12
j  org.gradle.internal.work.DefaultWorkerLeaseService.withLocks(Ljava/util/Collection;Lorg/gradle/internal/Factory;)Ljava/lang/Object;+28
j  org.gradle.internal.work.DefaultWorkerLeaseService.runAsWorkerThread(Lorg/gradle/internal/Factory;)Ljava/lang/Object;+33
j  org.gradle.launcher.exec.RunAsWorkerThreadBuildActionExecutor.execute(Lorg/gradle/internal/invocation/BuildAction;Lorg/gradle/internal/session/BuildSessionContext;)Lorg/gradle/internal/buildtree/BuildActionRunner$Result;+12
j  org.gradle.tooling.internal.provider.continuous.ContinuousBuildActionExecutor.execute(Lorg/gradle/internal/invocation/BuildAction;Lorg/gradle/internal/session/BuildSessionContext;)Lorg/gradle/internal/buildtree/BuildActionRunner$Result;+58
j  org.gradle.tooling.internal.provider.SubscribableBuildActionExecutor.execute(Lorg/gradle/internal/invocation/BuildAction;Lorg/gradle/internal/session/BuildSessionContext;)Lorg/gradle/internal/buildtree/BuildActionRunner$Result;+30
j  org.gradle.internal.session.DefaultBuildSessionContext.execute(Lorg/gradle/internal/invocation/BuildAction;)Lorg/gradle/internal/buildtree/BuildActionRunner$Result;+64
j  org.gradle.tooling.internal.provider.BuildSessionLifecycleBuildActionExecuter$ActionImpl.apply(Lorg/gradle/internal/session/BuildSessionContext;)Lorg/gradle/launcher/exec/BuildActionResult;+6
j  org.gradle.tooling.internal.provider.BuildSessionLifecycleBuildActionExecuter$ActionImpl.apply(Ljava/lang/Object;)Ljava/lang/Object;+5
j  org.gradle.internal.session.BuildSessionState.run(Ljava/util/function/Function;)Ljava/lang/Object;+5
j  org.gradle.tooling.internal.provider.BuildSessionLifecycleBuildActionExecuter.execute(Lorg/gradle/internal/invocation/BuildAction;Lorg/gradle/launcher/exec/BuildActionParameters;Lorg/gradle/initialization/BuildRequestContext;)Lorg/gradle/launcher/exec/BuildActionResult;+95
j  org.gradle.tooling.internal.provider.BuildSessionLifecycleBuildActionExecuter.execute(Lorg/gradle/internal/invocation/BuildAction;Ljava/lang/Object;Ljava/lang/Object;)Lorg/gradle/launcher/exec/BuildActionResult;+10
j  org.gradle.tooling.internal.provider.StartParamsValidatingActionExecuter.execute(Lorg/gradle/internal/invocation/BuildAction;Lorg/gradle/launcher/exec/BuildActionParameters;Lorg/gradle/initialization/BuildRequestContext;)Lorg/gradle/launcher/exec/BuildActionResult;+177
j  org.gradle.tooling.internal.provider.StartParamsValidatingActionExecuter.execute(Lorg/gradle/internal/invocation/BuildAction;Ljava/lang/Object;Ljava/lang/Object;)Lorg/gradle/launcher/exec/BuildActionResult;+10
j  org.gradle.tooling.internal.provider.SessionFailureReportingActionExecuter.execute(Lorg/gradle/internal/invocation/BuildAction;Lorg/gradle/launcher/exec/BuildActionParameters;Lorg/gradle/initialization/BuildRequestContext;)Lorg/gradle/launcher/exec/BuildActionResult;+7
j  org.gradle.tooling.internal.provider.SessionFailureReportingActionExecuter.execute(Lorg/gradle/internal/invocation/BuildAction;Ljava/lang/Object;Ljava/lang/Object;)Lorg/gradle/launcher/exec/BuildActionResult;+10
j  org.gradle.tooling.internal.provider.SetupLoggingActionExecuter.execute(Lorg/gradle/internal/invocation/BuildAction;Lorg/gradle/launcher/exec/BuildActionParameters;Lorg/gradle/initialization/BuildRequestContext;)Lorg/gradle/launcher/exec/BuildActionResult;+50
j  org.gradle.tooling.internal.provider.SetupLoggingActionExecuter.execute(Lorg/gradle/internal/invocation/BuildAction;Ljava/lang/Object;Ljava/lang/Object;)Lorg/gradle/launcher/exec/BuildActionResult;+10
j  org.gradle.launcher.daemon.server.exec.ExecuteBuild.doBuild(Lorg/gradle/launcher/daemon/server/api/DaemonCommandExecution;Lorg/gradle/launcher/daemon/protocol/Build;)V+117
j  org.gradle.launcher.daemon.server.exec.BuildCommandOnly.execute(Lorg/gradle/launcher/daemon/server/api/DaemonCommandExecution;)V+49
j  org.gradle.launcher.daemon.server.api.DaemonCommandExecution.proceed()Z+23
j  org.gradle.launcher.daemon.server.exec.WatchForDisconnection.execute(Lorg/gradle/launcher/daemon/server/api/DaemonCommandExecution;)V+19
j  org.gradle.launcher.daemon.server.api.DaemonCommandExecution.proceed()Z+23
j  org.gradle.launcher.daemon.server.exec.ResetDeprecationLogger.execute(Lorg/gradle/launcher/daemon/server/api/DaemonCommandExecution;)V+7
j  org.gradle.launcher.daemon.server.api.DaemonCommandExecution.proceed()Z+23
j  org.gradle.launcher.daemon.server.exec.RequestStopIfSingleUsedDaemon.execute(Lorg/gradle/launcher/daemon/server/api/DaemonCommandExecution;)V+33
j  org.gradle.launcher.daemon.server.api.DaemonCommandExecution.proceed()Z+23
j  org.gradle.launcher.daemon.server.exec.ForwardClientInput$2.create()Ljava/lang/Void;+4
j  org.gradle.launcher.daemon.server.exec.ForwardClientInput$2.create()Ljava/lang/Object;+1
j  org.gradle.util.internal.Swapper.swap(Ljava/lang/Object;Lorg/gradle/internal/Factory;)Ljava/lang/Object;+21
j  org.gradle.launcher.daemon.server.exec.ForwardClientInput.execute(Lorg/gradle/launcher/daemon/server/api/DaemonCommandExecution;)V+63
j  org.gradle.launcher.daemon.server.api.DaemonCommandExecution.proceed()Z+23
j  org.gradle.launcher.daemon.server.exec.LogAndCheckHealth.execute(Lorg/gradle/launcher/daemon/server/api/DaemonCommandExecution;)V+51
j  org.gradle.launcher.daemon.server.api.DaemonCommandExecution.proceed()Z+23
j  org.gradle.launcher.daemon.server.exec.LogToClient.doBuild(Lorg/gradle/launcher/daemon/server/api/DaemonCommandExecution;Lorg/gradle/launcher/daemon/protocol/Build;)V+87
j  org.gradle.launcher.daemon.server.exec.BuildCommandOnly.execute(Lorg/gradle/launcher/daemon/server/api/DaemonCommandExecution;)V+49
j  org.gradle.launcher.daemon.server.api.DaemonCommandExecution.proceed()Z+23
j  org.gradle.launcher.daemon.server.exec.EstablishBuildEnvironment.doBuild(Lorg/gradle/launcher/daemon/server/api/DaemonCommandExecution;Lorg/gradle/launcher/daemon/protocol/Build;)V+356
j  org.gradle.launcher.daemon.server.exec.BuildCommandOnly.execute(Lorg/gradle/launcher/daemon/server/api/DaemonCommandExecution;)V+49
j  org.gradle.launcher.daemon.server.api.DaemonCommandExecution.proceed()Z+23
j  org.gradle.launcher.daemon.server.exec.StartBuildOrRespondWithBusy$1.run()V+44
j  org.gradle.launcher.daemon.server.DaemonStateCoordinator$1.run()V+4
j  org.gradle.internal.concurrent.ExecutorPolicy$CatchAndRecordFailures.onExecute(Ljava/lang/Runnable;)V+1
j  org.gradle.internal.concurrent.ManagedExecutorImpl$1.run()V+25
j  java.util.concurrent.ThreadPoolExecutor.runWorker(Ljava/util/concurrent/ThreadPoolExecutor$Worker;)V+95
j  java.util.concurrent.ThreadPoolExecutor$Worker.run()V+5
j  java.lang.Thread.run()V+11
v  ~StubRoutines::call_stub

---------------  P R O C E S S  ---------------

Java Threads: ( => current thread )
  0x000000001c2b1800 JavaThread "Cache worker for kotlin-dsl (C:\Users\Alessio Valente\.gradle\caches\8.0.1\kotlin-dsl)" [_thread_blocked, id=2052, stack(0x0000000001190000,0x0000000001290000)]
  0x000000001c2b6000 JavaThread "jar transforms Thread 8" [_thread_blocked, id=10328, stack(0x0000000023990000,0x0000000023a90000)]
  0x000000001c2b2000 JavaThread "jar transforms Thread 7" [_thread_blocked, id=29184, stack(0x0000000023520000,0x0000000023620000)]
  0x000000001c2b5000 JavaThread "jar transforms Thread 6" [_thread_blocked, id=1232, stack(0x0000000023220000,0x0000000023320000)]
  0x000000001c2b0800 JavaThread "jar transforms Thread 5" [_thread_blocked, id=14636, stack(0x0000000023120000,0x0000000023220000)]
  0x000000001c2b3000 JavaThread "jar transforms Thread 4" [_thread_blocked, id=18820, stack(0x0000000023020000,0x0000000023120000)]
  0x000000001c2b6800 JavaThread "jar transforms Thread 3" [_thread_blocked, id=14052, stack(0x0000000022d00000,0x0000000022e00000)]
  0x000000001c2b7800 JavaThread "jar transforms Thread 2" [_thread_blocked, id=2496, stack(0x0000000022c00000,0x0000000022d00000)]
  0x000000001c2b0000 JavaThread "jar transforms" [_thread_blocked, id=28444, stack(0x0000000022900000,0x0000000022a00000)]
  0x000000001c2b3800 JavaThread "Cache worker for execution history cache (C:\Users\Alessio Valente\.gradle\caches\8.0.1\executionHistory)" [_thread_blocked, id=1620, stack(0x0000000021e00000,0x0000000021f00000)]
  0x000000001d2b6800 JavaThread "Cache worker for cache directory md-supplier (C:\Users\Alessio Valente\.gradle\caches\8.0.1\md-supplier)" [_thread_blocked, id=23116, stack(0x0000000021d00000,0x0000000021e00000)]
  0x000000001d2b1800 JavaThread "Cache worker for file hash cache (C:\Users\Alessio Valente\Desktop\LemonFinal\LemonFinal\android\.gradle\8.0.1\fileHashes)" [_thread_blocked, id=15944, stack(0x0000000021c00000,0x0000000021d00000)]
  0x000000001d2b3000 JavaThread "Cache worker for file content cache (C:\Users\Alessio Valente\.gradle\caches\8.0.1\fileContent)" [_thread_blocked, id=23428, stack(0x0000000021b00000,0x0000000021c00000)]
  0x000000001d2b3800 JavaThread "Cache worker for cache directory md-rule (C:\Users\Alessio Valente\.gradle\caches\8.0.1\md-rule)" [_thread_blocked, id=29636, stack(0x0000000021a00000,0x0000000021b00000)]
  0x000000001d2b0000 JavaThread "Cache worker for checksums cache (C:\Users\Alessio Valente\Desktop\LemonFinal\LemonFinal\android\.gradle\8.0.1\checksums)" [_thread_blocked, id=14860, stack(0x0000000021700000,0x0000000021800000)]
  0x000000001d2b4800 JavaThread "File watcher consumer" daemon [_thread_blocked, id=27524, stack(0x000000001ff40000,0x0000000020040000)]
  0x000000001d2b0800 JavaThread "File watcher server" daemon [_thread_in_native, id=22208, stack(0x000000001fb70000,0x000000001fc70000)]
  0x000000001d2b6000 JavaThread "Cache worker for file hash cache (C:\Users\Alessio Valente\.gradle\caches\8.0.1\fileHashes)" [_thread_blocked, id=8212, stack(0x000000001fa70000,0x000000001fb70000)]
  0x000000001d2b2000 JavaThread "File lock request listener" [_thread_in_native, id=5128, stack(0x000000001fd30000,0x000000001fe30000)]
  0x000000001d2b5000 JavaThread "Cache worker for journal cache (C:\Users\Alessio Valente\.gradle\caches\journal-1)" [_thread_blocked, id=20768, stack(0x000000001fe40000,0x000000001ff40000)]
  0x000000001bb7b800 JavaThread "Daemon client event forwarder" [_thread_blocked, id=20188, stack(0x000000001e7a0000,0x000000001e8a0000)]
  0x000000001c8c7800 JavaThread "Stdin handler" [_thread_blocked, id=3180, stack(0x000000001e6a0000,0x000000001e7a0000)]
  0x000000001c860000 JavaThread "Asynchronous log dispatcher for DefaultDaemonConnection: socket connection from /127.0.0.1:53800 to /127.0.0.1:53801" [_thread_blocked, id=23296, stack(0x000000001e4a0000,0x000000001e5a0000)]
=>0x000000001c85f000 JavaThread "Daemon worker" [_thread_in_vm, id=17808, stack(0x000000001e3a0000,0x000000001e4a0000)]
  0x000000001c85e000 JavaThread "Cancel handler" [_thread_blocked, id=26876, stack(0x000000001e2a0000,0x000000001e3a0000)]
  0x000000001b9d3800 JavaThread "Handler for socket connection from /127.0.0.1:53800 to /127.0.0.1:53801" [_thread_in_native, id=2756, stack(0x000000001e1a0000,0x000000001e2a0000)]
  0x000000001b9d2800 JavaThread "Daemon" [_thread_blocked, id=21880, stack(0x000000001e0a0000,0x000000001e1a0000)]
  0x000000001c439800 JavaThread "Daemon periodic checks" [_thread_blocked, id=23384, stack(0x000000001dfa0000,0x000000001e0a0000)]
  0x000000001c497800 JavaThread "Incoming local TCP Connector on port 53800" [_thread_in_native, id=13740, stack(0x000000001db30000,0x000000001dc30000)]
  0x000000001c5f5000 JavaThread "Daemon health stats" [_thread_blocked, id=28712, stack(0x000000001d6f0000,0x000000001d7f0000)]
  0x0000000019ed9800 JavaThread "Service Thread" daemon [_thread_blocked, id=21224, stack(0x000000001ab50000,0x000000001ac50000)]
  0x0000000019e6b800 JavaThread "C1 CompilerThread3" daemon [_thread_blocked, id=17420, stack(0x000000001aa50000,0x000000001ab50000)]
  0x0000000019e65800 JavaThread "C2 CompilerThread2" daemon [_thread_blocked, id=28304, stack(0x000000001a950000,0x000000001aa50000)]
  0x0000000019e5f800 JavaThread "C2 CompilerThread1" daemon [_thread_blocked, id=23872, stack(0x000000001a850000,0x000000001a950000)]
  0x0000000019e5d800 JavaThread "C2 CompilerThread0" daemon [_thread_blocked, id=12384, stack(0x000000001a750000,0x000000001a850000)]
  0x0000000019e5b800 JavaThread "Attach Listener" daemon [_thread_blocked, id=1260, stack(0x000000001a650000,0x000000001a750000)]
  0x0000000019e5a000 JavaThread "Signal Dispatcher" daemon [_thread_blocked, id=11856, stack(0x000000001a550000,0x000000001a650000)]
  0x0000000019e51800 JavaThread "Finalizer" daemon [_thread_blocked, id=12108, stack(0x000000001a330000,0x000000001a430000)]
  0x0000000002f68800 JavaThread "Reference Handler" daemon [_thread_blocked, id=21832, stack(0x000000001a230000,0x000000001a330000)]
  0x0000000002e72800 JavaThread "main" [_thread_blocked, id=5020, stack(0x0000000002d10000,0x0000000002e10000)]

Other Threads:
  0x000000001805a000 VMThread [stack: 0x0000000019d30000,0x0000000019e30000] [id=18732]
  0x0000000019f15800 WatcherThread [stack: 0x000000001ac50000,0x000000001ad50000] [id=22504]

VM state:not at safepoint (normal execution)

VM Mutex/Monitor currently owned by a thread: None

heap address: 0x0000000080000000, size: 2048 MB, Compressed Oops mode: 32-bit
Narrow klass base: 0x0000000000000000, Narrow klass shift: 3
Compressed class space size: 1073741824 Address: 0x0000000100000000

Heap:
 PSYoungGen      total 626688K, used 115491K [0x00000000d5580000, 0x0000000100000000, 0x0000000100000000)
  eden space 606720K, 15% used [0x00000000d5580000,0x00000000db2c9c08,0x00000000fa600000)
  from space 19968K, 99% used [0x00000000fec80000,0x00000000fffff1c0,0x0000000100000000)
  to   space 46080K, 0% used [0x00000000fa600000,0x00000000fa600000,0x00000000fd300000)
 ParOldGen       total 145408K, used 108476K [0x0000000080000000, 0x0000000088e00000, 0x00000000d5580000)
  object space 145408K, 74% used [0x0000000080000000,0x00000000869ef220,0x0000000088e00000)
 Metaspace       used 87344K, capacity 90539K, committed 90880K, reserved 1128448K
  class space    used 10975K, capacity 11667K, committed 11776K, reserved 1048576K

Card table byte_map: [0x00000000123b0000,0x00000000127c0000] byte_map_base: 0x0000000011fb0000

Marking Bits: (ParMarkBitMap*) 0x000000005ea75ce0
 Begin Bits: [0x0000000013270000, 0x0000000015270000)
 End Bits:   [0x0000000015270000, 0x0000000017270000)

Polling page: 0x0000000001080000

CodeCache: size=245760Kb used=55727Kb max_used=55727Kb free=190032Kb
 bounds [0x0000000002ff0000, 0x00000000066a0000, 0x0000000011ff0000]
 total_blobs=13688 nmethods=12802 adapters=795
 compilation: enabled

Compilation events (10 events):
Event: 157.221 Thread 0x0000000019e6b800 15416       3       org.jetbrains.kotlin.com.intellij.psi.impl.source.tree.TreeElement::getManager (57 bytes)
Event: 157.221 Thread 0x0000000019e65800 nmethod 15428 0x0000000006676d50 code [0x0000000006676ea0, 0x0000000006676f48]
Event: 157.222 Thread 0x0000000019e6b800 nmethod 15416 0x0000000006682290 code [0x00000000066824a0, 0x0000000006682fa8]
Event: 157.222 Thread 0x0000000019e6b800 15418       3       org.jetbrains.kotlin.com.intellij.extapi.psi.ASTDelegatePsiElement::getManager (55 bytes)
Event: 157.222 Thread 0x0000000019e6b800 nmethod 15418 0x000000000667b110 code [0x000000000667b320, 0x000000000667be58]
Event: 157.222 Thread 0x0000000019e6b800 15419       3       org.jetbrains.kotlin.com.intellij.lexer.FlexAdapter::start (51 bytes)
Event: 157.222 Thread 0x0000000019e6b800 nmethod 15419 0x000000000667f250 code [0x000000000667f3c0, 0x000000000667f6b8]
Event: 157.222 Thread 0x0000000019e6b800 15420       3       org.jetbrains.kotlin.com.intellij.lang.impl.PsiBuilderImpl::getTreeBuilt (5 bytes)
Event: 157.222 Thread 0x0000000019e6b800 nmethod 15420 0x0000000006681f10 code [0x0000000006682080, 0x0000000006682208]
Event: 157.222 Thread 0x0000000019e6b800 15421       3       org.jetbrains.kotlin.com.intellij.lang.impl.PsiBuilderImpl::buildTree (162 bytes)

GC Heap History (10 events):
Event: 134.329 GC heap before
{Heap before GC invocations=37 (full 2):
 PSYoungGen      total 677376K, used 666804K [0x00000000d5580000, 0x00000000ffe80000, 0x0000000100000000)
  eden space 659456K, 100% used [0x00000000d5580000,0x00000000fd980000,0x00000000fd980000)
  from space 17920K, 41% used [0x00000000fed00000,0x00000000ff42d030,0x00000000ffe80000)
  to   space 18944K, 0% used [0x00000000fd980000,0x00000000fd980000,0x00000000fec00000)
 ParOldGen       total 84992K, used 73121K [0x0000000080000000, 0x0000000085300000, 0x00000000d5580000)
  object space 84992K, 86% used [0x0000000080000000,0x00000000847687f8,0x0000000085300000)
 Metaspace       used 46531K, capacity 49148K, committed 49408K, reserved 1091584K
  class space    used 6269K, capacity 6820K, committed 6912K, reserved 1048576K
Event: 134.335 GC heap after
Heap after GC invocations=37 (full 2):
 PSYoungGen      total 678400K, used 10188K [0x00000000d5580000, 0x0000000100000000, 0x0000000100000000)
  eden space 659456K, 0% used [0x00000000d5580000,0x00000000d5580000,0x00000000fd980000)
  from space 18944K, 53% used [0x00000000fd980000,0x00000000fe373058,0x00000000fec00000)
  to   space 18432K, 0% used [0x00000000fee00000,0x00000000fee00000,0x0000000100000000)
 ParOldGen       total 84992K, used 73121K [0x0000000080000000, 0x0000000085300000, 0x00000000d5580000)
  object space 84992K, 86% used [0x0000000080000000,0x00000000847687f8,0x0000000085300000)
 Metaspace       used 46531K, capacity 49148K, committed 49408K, reserved 1091584K
  class space    used 6269K, capacity 6820K, committed 6912K, reserved 1048576K
}
Event: 135.205 GC heap before
{Heap before GC invocations=38 (full 2):
 PSYoungGen      total 678400K, used 669644K [0x00000000d5580000, 0x0000000100000000, 0x0000000100000000)
  eden space 659456K, 100% used [0x00000000d5580000,0x00000000fd980000,0x00000000fd980000)
  from space 18944K, 53% used [0x00000000fd980000,0x00000000fe373058,0x00000000fec00000)
  to   space 18432K, 0% used [0x00000000fee00000,0x00000000fee00000,0x0000000100000000)
 ParOldGen       total 84992K, used 73121K [0x0000000080000000, 0x0000000085300000, 0x00000000d5580000)
  object space 84992K, 86% used [0x0000000080000000,0x00000000847687f8,0x0000000085300000)
 Metaspace       used 46531K, capacity 49148K, committed 49408K, reserved 1091584K
  class space    used 6269K, capacity 6820K, committed 6912K, reserved 1048576K
Event: 135.220 GC heap after
Heap after GC invocations=38 (full 2):
 PSYoungGen      total 677376K, used 8687K [0x00000000d5580000, 0x00000000ffd80000, 0x0000000100000000)
  eden space 661504K, 0% used [0x00000000d5580000,0x00000000d5580000,0x00000000fdb80000)
  from space 15872K, 54% used [0x00000000fee00000,0x00000000ff67bdc0,0x00000000ffd80000)
  to   space 17408K, 0% used [0x00000000fdb80000,0x00000000fdb80000,0x00000000fec80000)
 ParOldGen       total 84992K, used 73121K [0x0000000080000000, 0x0000000085300000, 0x00000000d5580000)
  object space 84992K, 86% used [0x0000000080000000,0x00000000847687f8,0x0000000085300000)
 Metaspace       used 46531K, capacity 49148K, committed 49408K, reserved 1091584K
  class space    used 6269K, capacity 6820K, committed 6912K, reserved 1048576K
}
Event: 138.097 GC heap before
{Heap before GC invocations=39 (full 2):
 PSYoungGen      total 677376K, used 618422K [0x00000000d5580000, 0x00000000ffd80000, 0x0000000100000000)
  eden space 661504K, 92% used [0x00000000d5580000,0x00000000fa8f1d18,0x00000000fdb80000)
  from space 15872K, 54% used [0x00000000fee00000,0x00000000ff67bdc0,0x00000000ffd80000)
  to   space 17408K, 0% used [0x00000000fdb80000,0x00000000fdb80000,0x00000000fec80000)
 ParOldGen       total 84992K, used 73121K [0x0000000080000000, 0x0000000085300000, 0x00000000d5580000)
  object space 84992K, 86% used [0x0000000080000000,0x00000000847687f8,0x0000000085300000)
 Metaspace       used 56326K, capacity 59134K, committed 59160K, reserved 1099776K
  class space    used 7669K, capacity 8295K, committed 8320K, reserved 1048576K
Event: 138.159 GC heap after
Heap after GC invocations=39 (full 2):
 PSYoungGen      total 678912K, used 17399K [0x00000000d5580000, 0x0000000100000000, 0x0000000100000000)
  eden space 661504K, 0% used [0x00000000d5580000,0x00000000d5580000,0x00000000fdb80000)
  from space 17408K, 99% used [0x00000000fdb80000,0x00000000fec7dd70,0x00000000fec80000)
  to   space 19968K, 0% used [0x00000000fec80000,0x00000000fec80000,0x0000000100000000)
 ParOldGen       total 84992K, used 82735K [0x0000000080000000, 0x0000000085300000, 0x00000000d5580000)
  object space 84992K, 97% used [0x0000000080000000,0x00000000850cbde0,0x0000000085300000)
 Metaspace       used 56326K, capacity 59134K, committed 59160K, reserved 1099776K
  class space    used 7669K, capacity 8295K, committed 8320K, reserved 1048576K
}
Event: 138.160 GC heap before
{Heap before GC invocations=40 (full 3):
 PSYoungGen      total 678912K, used 17399K [0x00000000d5580000, 0x0000000100000000, 0x0000000100000000)
  eden space 661504K, 0% used [0x00000000d5580000,0x00000000d5580000,0x00000000fdb80000)
  from space 17408K, 99% used [0x00000000fdb80000,0x00000000fec7dd70,0x00000000fec80000)
  to   space 19968K, 0% used [0x00000000fec80000,0x00000000fec80000,0x0000000100000000)
 ParOldGen       total 84992K, used 82735K [0x0000000080000000, 0x0000000085300000, 0x00000000d5580000)
  object space 84992K, 97% used [0x0000000080000000,0x00000000850cbde0,0x0000000085300000)
 Metaspace       used 56326K, capacity 59134K, committed 59160K, reserved 1099776K
  class space    used 7669K, capacity 8295K, committed 8320K, reserved 1048576K
Event: 139.133 GC heap after
Heap after GC invocations=40 (full 3):
 PSYoungGen      total 678912K, used 0K [0x00000000d5580000, 0x0000000100000000, 0x0000000100000000)
  eden space 661504K, 0% used [0x00000000d5580000,0x00000000d5580000,0x00000000fdb80000)
  from space 17408K, 0% used [0x00000000fdb80000,0x00000000fdb80000,0x00000000fec80000)
  to   space 19968K, 0% used [0x00000000fec80000,0x00000000fec80000,0x0000000100000000)
 ParOldGen       total 145408K, used 53972K [0x0000000080000000, 0x0000000088e00000, 0x00000000d5580000)
  object space 145408K, 37% used [0x0000000080000000,0x00000000834b52a8,0x0000000088e00000)
 Metaspace       used 56038K, capacity 58760K, committed 59160K, reserved 1099776K
  class space    used 7605K, capacity 8209K, committed 8320K, reserved 1048576K
}
Event: 152.018 GC heap before
{Heap before GC invocations=41 (full 3):
 PSYoungGen      total 678912K, used 661504K [0x00000000d5580000, 0x0000000100000000, 0x0000000100000000)
  eden space 661504K, 100% used [0x00000000d5580000,0x00000000fdb80000,0x00000000fdb80000)
  from space 17408K, 0% used [0x00000000fdb80000,0x00000000fdb80000,0x00000000fec80000)
  to   space 19968K, 0% used [0x00000000fec80000,0x00000000fec80000,0x0000000100000000)
 ParOldGen       total 145408K, used 53972K [0x0000000080000000, 0x0000000088e00000, 0x00000000d5580000)
  object space 145408K, 37% used [0x0000000080000000,0x00000000834b52a8,0x0000000088e00000)
 Metaspace       used 84576K, capacity 87737K, committed 88192K, reserved 1126400K
  class space    used 10804K, capacity 11500K, committed 11648K, reserved 1048576K
Event: 152.849 GC heap after
Heap after GC invocations=41 (full 3):
 PSYoungGen      total 626688K, used 19964K [0x00000000d5580000, 0x0000000100000000, 0x0000000100000000)
  eden space 606720K, 0% used [0x00000000d5580000,0x00000000d5580000,0x00000000fa600000)
  from space 19968K, 99% used [0x00000000fec80000,0x00000000fffff1c0,0x0000000100000000)
  to   space 46080K, 0% used [0x00000000fa600000,0x00000000fa600000,0x00000000fd300000)
 ParOldGen       total 145408K, used 108476K [0x0000000080000000, 0x0000000088e00000, 0x00000000d5580000)
  object space 145408K, 74% used [0x0000000080000000,0x00000000869ef220,0x0000000088e00000)
 Metaspace       used 84576K, capacity 87737K, committed 88192K, reserved 1126400K
  class space    used 10804K, capacity 11500K, committed 11648K, reserved 1048576K
}

Deoptimization events (10 events):
Event: 157.114 Thread 0x000000001c85f000 Uncommon trap: reason=class_check action=maybe_recompile pc=0x00000000065c4278 method=org.jetbrains.kotlin.builtins.FunctionTypesKt.isSuspendFunctionType(Lorg/jetbrains/kotlin/types/KotlinType;)Z @ 19
Event: 157.149 Thread 0x000000001c85f000 Uncommon trap: reason=bimorphic action=maybe_recompile pc=0x0000000005133444 method=org.jetbrains.kotlin.util.slicedMap.SlicedMapImpl.get(Lorg/jetbrains/kotlin/util/slicedMap/ReadOnlySlice;Ljava/lang/Object;)Ljava/lang/Object; @ 35
Event: 157.149 Thread 0x000000001c85f000 Uncommon trap: reason=bimorphic action=maybe_recompile pc=0x0000000005133444 method=org.jetbrains.kotlin.util.slicedMap.SlicedMapImpl.get(Lorg/jetbrains/kotlin/util/slicedMap/ReadOnlySlice;Ljava/lang/Object;)Ljava/lang/Object; @ 35
Event: 157.151 Thread 0x000000001c85f000 Uncommon trap: reason=bimorphic action=maybe_recompile pc=0x0000000004ca73b4 method=org.jetbrains.kotlin.util.slicedMap.SlicedMapImpl.get(Lorg/jetbrains/kotlin/util/slicedMap/ReadOnlySlice;Ljava/lang/Object;)Ljava/lang/Object; @ 35
Event: 157.176 Thread 0x000000001c85f000 Uncommon trap: reason=bimorphic action=maybe_recompile pc=0x0000000006607a30 method=org.jetbrains.kotlin.psi.KtVisitor.visitKtElement(Lorg/jetbrains/kotlin/psi/KtElement;Ljava/lang/Object;)Ljava/lang/Object; @ 10
Event: 157.176 Thread 0x000000001c85f000 Uncommon trap: reason=bimorphic action=maybe_recompile pc=0x0000000006607a30 method=org.jetbrains.kotlin.psi.KtVisitor.visitKtElement(Lorg/jetbrains/kotlin/psi/KtElement;Ljava/lang/Object;)Ljava/lang/Object; @ 10
Event: 157.176 Thread 0x000000001c85f000 Uncommon trap: reason=bimorphic action=maybe_recompile pc=0x0000000006607a30 method=org.jetbrains.kotlin.psi.KtVisitor.visitKtElement(Lorg/jetbrains/kotlin/psi/KtElement;Ljava/lang/Object;)Ljava/lang/Object; @ 10
Event: 157.176 Thread 0x000000001c85f000 Uncommon trap: reason=bimorphic action=maybe_recompile pc=0x0000000006607a30 method=org.jetbrains.kotlin.psi.KtVisitor.visitKtElement(Lorg/jetbrains/kotlin/psi/KtElement;Ljava/lang/Object;)Ljava/lang/Object; @ 10
Event: 157.206 Thread 0x000000001c85f000 Uncommon trap: reason=unstable_if action=reinterpret pc=0x0000000005778904 method=java.math.BigInteger.compareMagnitude(Ljava/math/BigInteger;)I @ 61
Event: 157.206 Thread 0x000000001c85f000 Uncommon trap: reason=unstable_if action=reinterpret pc=0x0000000005774434 method=java.math.BigInteger.compareMagnitude(Ljava/math/BigInteger;)I @ 61

Classes redefined (0 events):
No events

Internal exceptions (10 events):
Event: 145.985 Thread 0x000000001c85f000 Exception <a 'java/lang/NoSuchMethodError': java.lang.Object.lambda$identity$2(I)I> (0x00000000f21dc368) thrown at [C:\re\workspace\8-2-build-windows-amd64-cygwin\jdk8u202\12323\hotspot\src\share\vm\interpreter\linkResolver.cpp, line 620]
Event: 146.014 Thread 0x000000001c85f000 Exception <a 'java/lang/NoSuchMethodError': java.lang.Object.lambda$static$0(I)[Lorg/jetbrains/kotlin/com/intellij/psi/PsiReference;> (0x00000000f23cf540) thrown at [C:\re\workspace\8-2-build-windows-amd64-cygwin\jdk8u202\12323\hotspot\src\share\vm\interp
Event: 146.022 Thread 0x000000001c85f000 Exception <a 'java/lang/NoSuchMethodError': java.lang.Object.lambda$static$0(I)[Lorg/jetbrains/kotlin/com/intellij/psi/PsiTypeElement;> (0x00000000f248fb80) thrown at [C:\re\workspace\8-2-build-windows-amd64-cygwin\jdk8u202\12323\hotspot\src\share\vm\inte
Event: 146.043 Thread 0x000000001c85f000 Exception <a 'java/lang/NoSuchMethodError': java.lang.Object.lambda$static$0(I)[Lorg/jetbrains/kotlin/com/intellij/psi/PsiTypeParameter;> (0x00000000f2582460) thrown at [C:\re\workspace\8-2-build-windows-amd64-cygwin\jdk8u202\12323\hotspot\src\share\vm\in
Event: 147.549 Thread 0x000000001c85f000 Implicit null exception at 0x00000000052612f0 to 0x0000000005261355
Event: 147.610 Thread 0x000000001c85f000 Implicit null exception at 0x0000000005069613 to 0x00000000050697b5
Event: 147.694 Thread 0x000000001c85f000 Implicit null exception at 0x00000000043f7093 to 0x00000000043f741d
Event: 147.694 Thread 0x000000001c85f000 Implicit null exception at 0x00000000037c782f to 0x00000000037c786d
Event: 148.957 Thread 0x000000001c85f000 Implicit null exception at 0x00000000035424f7 to 0x0000000003542810
Event: 149.083 Thread 0x000000001c85f000 Implicit null exception at 0x00000000053101ef to 0x0000000005310b0d

Events (10 events):
Event: 157.202 loading class org/jetbrains/kotlin/resolve/checkers/ClassifierUsageCheckerKt$checkClassifierUsages$visitor$1
Event: 157.202 loading class org/jetbrains/kotlin/resolve/checkers/ClassifierUsageCheckerKt$checkClassifierUsages$visitor$1 done
Event: 157.203 Executing VM operation: Deoptimize
Event: 157.205 Executing VM operation: Deoptimize done
Event: 157.206 Thread 0x000000001c85f000 Uncommon trap: trap_request=0xffffff65 fr.pc=0x0000000005778904
Event: 157.206 Thread 0x000000001c85f000 DEOPT PACKING pc=0x0000000005778904 sp=0x000000001e4966c0
Event: 157.206 Thread 0x000000001c85f000 DEOPT UNPACKING pc=0x000000000303583b sp=0x000000001e496368 mode 2
Event: 157.206 Thread 0x000000001c85f000 Uncommon trap: trap_request=0xffffff65 fr.pc=0x0000000005774434
Event: 157.206 Thread 0x000000001c85f000 DEOPT PACKING pc=0x0000000005774434 sp=0x000000001e496650
Event: 157.207 Thread 0x000000001c85f000 DEOPT UNPACKING pc=0x000000000303583b sp=0x000000001e496368 mode 2


Dynamic libraries:
0x00007ff739350000 - 0x00007ff739387000 	C:\Program Files\Java\jdk1.8.0_202\bin\java.exe
0x00007ffdeb7d0000 - 0x00007ffdeb9c8000 	C:\Windows\SYSTEM32\ntdll.dll
0x00007ffde9c90000 - 0x00007ffde9d4f000 	C:\Windows\System32\KERNEL32.DLL
0x00007ffde8fc0000 - 0x00007ffde92b6000 	C:\Windows\System32\KERNELBASE.dll
0x00007ffdeae30000 - 0x00007ffdeaedf000 	C:\Windows\System32\ADVAPI32.dll
0x00007ffdeb5c0000 - 0x00007ffdeb65e000 	C:\Windows\System32\msvcrt.dll
0x00007ffdead90000 - 0x00007ffdeae2c000 	C:\Windows\System32\sechost.dll
0x00007ffde9b50000 - 0x00007ffde9c76000 	C:\Windows\System32\RPCRT4.dll
0x00007ffde9950000 - 0x00007ffde9aed000 	C:\Windows\System32\USER32.dll
0x00007ffde8eb0000 - 0x00007ffde8ed2000 	C:\Windows\System32\win32u.dll
0x00007ffdeac20000 - 0x00007ffdeac4c000 	C:\Windows\System32\GDI32.dll
0x00007ffde9650000 - 0x00007ffde9765000 	C:\Windows\System32\gdi32full.dll
0x00007ffde9450000 - 0x00007ffde94ed000 	C:\Windows\System32\msvcp_win.dll
0x00007ffde9350000 - 0x00007ffde9450000 	C:\Windows\System32\ucrtbase.dll
0x00007ffdd5b50000 - 0x00007ffdd5dea000 	C:\Windows\WinSxS\amd64_microsoft.windows.common-controls_6595b64144ccf1df_6.0.19041.1110_none_60b5254171f9507e\COMCTL32.dll
0x00007ffdeaf60000 - 0x00007ffdeaf90000 	C:\Windows\System32\IMM32.DLL
0x000000005f680000 - 0x000000005f752000 	C:\Program Files\Java\jdk1.8.0_202\jre\bin\msvcr100.dll
0x000000005e250000 - 0x000000005eaf5000 	C:\Program Files\Java\jdk1.8.0_202\jre\bin\server\jvm.dll
0x00007ffde9f20000 - 0x00007ffde9f28000 	C:\Windows\System32\PSAPI.DLL
0x00007ffdcfd60000 - 0x00007ffdcfd69000 	C:\Windows\SYSTEM32\WSOCK32.dll
0x00007ffdeab50000 - 0x00007ffdeabbb000 	C:\Windows\System32\WS2_32.dll
0x00007ffdcfab0000 - 0x00007ffdcfad7000 	C:\Windows\SYSTEM32\WINMM.dll
0x00007ffdd9b10000 - 0x00007ffdd9b1a000 	C:\Windows\SYSTEM32\VERSION.dll
0x00007ffdd5140000 - 0x00007ffdd514f000 	C:\Program Files\Java\jdk1.8.0_202\jre\bin\verify.dll
0x00007ffdd4050000 - 0x00007ffdd4079000 	C:\Program Files\Java\jdk1.8.0_202\jre\bin\java.dll
0x00007ffdd4650000 - 0x00007ffdd4666000 	C:\Program Files\Java\jdk1.8.0_202\jre\bin\zip.dll
0x00007ffdea3a0000 - 0x00007ffdeaae4000 	C:\Windows\System32\SHELL32.dll
0x00007ffde6f60000 - 0x00007ffde76f3000 	C:\Windows\SYSTEM32\windows.storage.dll
0x00007ffdeb260000 - 0x00007ffdeb5b4000 	C:\Windows\System32\combase.dll
0x00007ffde8900000 - 0x00007ffde892e000 	C:\Windows\SYSTEM32\Wldp.dll
0x00007ffdeb080000 - 0x00007ffdeb12d000 	C:\Windows\System32\SHCORE.dll
0x00007ffdeabc0000 - 0x00007ffdeac15000 	C:\Windows\System32\shlwapi.dll
0x00007ffde8df0000 - 0x00007ffde8e0f000 	C:\Windows\SYSTEM32\profapi.dll
0x00007ffdd44a0000 - 0x00007ffdd44ba000 	C:\Program Files\Java\jdk1.8.0_202\jre\bin\net.dll
0x00007ffdda290000 - 0x00007ffdda47c000 	C:\Windows\SYSTEM32\urlmon.dll
0x00007ffdda5c0000 - 0x00007ffdda871000 	C:\Windows\SYSTEM32\iertutil.dll
0x00007ffde8340000 - 0x00007ffde834c000 	C:\Windows\SYSTEM32\netutils.dll
0x00007ffdda260000 - 0x00007ffdda288000 	C:\Windows\SYSTEM32\srvcli.dll
0x00007ffde8660000 - 0x00007ffde86ca000 	C:\Windows\system32\mswsock.dll
0x00007ffdd4030000 - 0x00007ffdd4042000 	C:\Program Files\Java\jdk1.8.0_202\jre\bin\nio.dll
0x00007ffdd4200000 - 0x00007ffdd4227000 	C:\Users\Alessio Valente\.gradle\native\68d5fa5c4cc2d200863cafc0d521ce42e7d3e7ee720ec0a83991735586a16f82\windows-amd64\native-platform.dll
0x00007ffdbd460000 - 0x00007ffdbd5a4000 	C:\Users\Alessio Valente\.gradle\native\e376f236ea51e6404a007f0833ffe2c6e607c4080706a723a18a27aeea778392\windows-amd64\native-platform-file-events.dll
0x00007ffdd50e0000 - 0x00007ffdd50ed000 	C:\Program Files\Java\jdk1.8.0_202\jre\bin\management.dll
0x00007ffde8850000 - 0x00007ffde8868000 	C:\Windows\SYSTEM32\CRYPTSP.dll
0x00007ffde7f10000 - 0x00007ffde7f44000 	C:\Windows\system32\rsaenh.dll
0x00007ffde8ee0000 - 0x00007ffde8f07000 	C:\Windows\System32\bcrypt.dll
0x00007ffde8d70000 - 0x00007ffde8d9e000 	C:\Windows\SYSTEM32\USERENV.dll
0x00007ffde92c0000 - 0x00007ffde9342000 	C:\Windows\System32\bcryptprimitives.dll
0x00007ffde8870000 - 0x00007ffde887c000 	C:\Windows\SYSTEM32\CRYPTBASE.dll
0x00007ffde8300000 - 0x00007ffde833c000 	C:\Windows\SYSTEM32\IPHLPAPI.DLL
0x00007ffdeaf90000 - 0x00007ffdeaf98000 	C:\Windows\System32\NSI.dll
0x00007ffdd9a90000 - 0x00007ffdd9aa7000 	C:\Windows\SYSTEM32\dhcpcsvc6.DLL
0x00007ffddd810000 - 0x00007ffddd82d000 	C:\Windows\SYSTEM32\dhcpcsvc.DLL
0x00007ffde8350000 - 0x00007ffde841a000 	C:\Windows\SYSTEM32\DNSAPI.dll
0x00007ffde6ad0000 - 0x00007ffde6cb4000 	C:\Windows\SYSTEM32\dbghelp.dll

VM Arguments:
jvm_args: -XX:MaxMetaspaceSize=512m -Xmx2048m -Dfile.encoding=windows-1252 -Duser.country=IT -Duser.language=it -Duser.variant 
java_command: org.gradle.launcher.daemon.bootstrap.GradleDaemon 8.0.1
java_class_path (initial): C:\Users\Alessio Valente\.gradle\wrapper\dists\gradle-8.0.1-all\aro4hu1c3oeioove7l0i4i14o\gradle-8.0.1\lib\gradle-launcher-8.0.1.jar
Launcher Type: SUN_STANDARD

Environment Variables:
CLASSPATH=C:\Users\Alessio Valente\Desktop\LemonFinal\LemonFinal\android\\gradle\wrapper\gradle-wrapper.jar
PATH=C:\Users\Alessio Valente\AppData\Roaming\npm\node_modules\expo-cli\node_modules\xdl\binaries\windows\adb;C:\Program Files (x86)\Common Files\Oracle\Java\javapath;C:\Windows\system32;C:\Windows;C:\Windows\System32\Wbem;C:\Windows\System32\WindowsPowerShell\v1.0\;C:\Windows\System32\OpenSSH\;C:\Program Files\dotnet\;C:\Program Files\Git\cmd;C:\ProgramData\chocolatey\bin;C:\Program Files\TortoiseSVN\bin;C:\Program Files (x86)\Pulse Secure\VC142.CRT\X64\;C:\Program Files (x86)\Pulse Secure\VC142.CRT\X86\;C:\Program Files (x86)\Common Files\Pulse Secure\TNC Client Plugin\;C:\Users\Alessio Valente\AppData\Roaming\nvm;C:\Program Files\nodejs;C:\Program Files\TortoiseGit\bin;C:\Program Files\PostgreSQL\15\bin;C:\Program Files\PuTTY\;C:\Users\Alessio Valente\AppData\Local\Microsoft\WindowsApps;C:\Users\Alessio Valente\AppData\Local\Programs\Microsoft VS Code\bin;C:\Users\Alessio Valente\AppData\Roaming\npm;C:\Users\Alessio Valente\AppData\Local\atom\bin;C:\Users\Alessio Valente\AppData\Local\GitHubDesktop\bin;C:\Users\Alessio Valente\AppData\Roaming\nvm;C:\Program Files\nodejs;C:\Program Files\JetBrains\IntelliJ IDEA Community Edition 2022.2.3\bin;;C:\Users\Alessio Valente\Desktop\aircrack-ng-1.7-win\bin;
USERNAME=Alessio Valente
OS=Windows_NT
PROCESSOR_IDENTIFIER=Intel64 Family 6 Model 140 Stepping 1, GenuineIntel



---------------  S Y S T E M  ---------------

OS: Windows 10.0 , 64 bit Build 19041 (10.0.19041.3031)

CPU:total 8 (initial active 8) (4 cores per cpu, 2 threads per core) family 6 model 140 stepping 1, cmov, cx8, fxsr, mmx, sse, sse2, sse3, ssse3, sse4.1, sse4.2, popcnt, avx, avx2, aes, clmul, erms, 3dnowpref, lzcnt, ht, tsc, tscinvbit, bmi1, bmi2, adx

Memory: 4k page, physical 8117028k(436456k free), swap 30288492k(5799708k free)

vm_info: Java HotSpot(TM) 64-Bit Server VM (25.202-b08) for windows-amd64 JRE (1.8.0_202-b08), built on Dec 15 2018 19:54:30 by "java_re" with MS VC++ 10.0 (VS2010)

time: Sat Jul 29 18:49:39 2023
timezone: ora legale Europa occidentale
elapsed time: 157 seconds (0d 0h 2m 37s)

